#
# A fatal error has been detected by the Java Runtime Environment:
#
#  EXCEPTION_ACCESS_VIOLATION (0xc0000005) at pc=0x000000007110b5db, pid=4164, tid=16312
#
# JRE version: Java(TM) SE Runtime Environment (17.0.2+8) (build 17.0.2+8-LTS-86)
# Java VM: Java HotSpot(TM) 64-Bit Server VM (17.0.2+8-LTS-86, mixed mode, sharing, tiered, compressed oops, compressed class ptrs, g1 gc, windows-amd64)
# Problematic frame:
# C  [jSSC-2.8_x86_64.dll+0xb5db]
#
# No core dump will be written. Minidumps are not enabled by default on client versions of Windows
#
# If you would like to submit a bug report, please visit:
#   https://bugreport.java.com/bugreport/crash.jsp
# The crash happened outside the Java Virtual Machine in native code.
# See problematic frame for where to report the bug.
#

---------------  S U M M A R Y ------------

Command Line: -Dfile.encoding=UTF-8 interfaxantsc.Interfaz

Host: 12th Gen Intel(R) Core(TM) i3-1215U, 8 cores, 11G,  Windows 11 , 64 bit Build 22621 (10.0.22621.2506)
Time: Sun Nov 26 19:19:41 2023 Hora estándar Pacífico (México) elapsed time: 0.206730 seconds (0d 0h 0m 0s)

---------------  T H R E A D  ---------------

Current thread (0x000001d44e853970):  JavaThread "AWT-EventQueue-0" [_thread_in_native, id=16312, stack(0x0000002343700000,0x0000002343800000)]

Stack: [0x0000002343700000,0x0000002343800000],  sp=0x00000023437fec60,  free space=1019k
Native frames: (J=compiled Java code, j=interpreted, Vv=VM code, C=native code)
C  [jSSC-2.8_x86_64.dll+0xb5db]

Java frames: (J=compiled Java code, j=interpreted, Vv=VM code)
j  jssc.SerialNativeInterface.openPort(Ljava/lang/String;Z)J+0
j  jssc.SerialPort.openPort()Z+65
j  com.panamahitek.PanamaHitek_Arduino.arduinoRX(Ljava/lang/String;ILjssc/SerialPortEventListener;)V+58
j  interfaxantsc.Interfaz.<init>()V+96
j  interfaxantsc.Interfaz$2.run()V+4
j  java.awt.event.InvocationEvent.dispatch()V+47 java.desktop@17.0.2
j  java.awt.EventQueue.dispatchEventImpl(Ljava/awt/AWTEvent;Ljava/lang/Object;)V+21 java.desktop@17.0.2
j  java.awt.EventQueue$4.run()Ljava/lang/Void;+32 java.desktop@17.0.2
j  java.awt.EventQueue$4.run()Ljava/lang/Object;+1 java.desktop@17.0.2
j  java.security.AccessController.executePrivileged(Ljava/security/PrivilegedAction;Ljava/security/AccessControlContext;Ljava/lang/Class;)Ljava/lang/Object;+29 java.base@17.0.2
j  java.security.AccessController.doPrivileged(Ljava/security/PrivilegedAction;Ljava/security/AccessControlContext;)Ljava/lang/Object;+13 java.base@17.0.2
j  java.security.ProtectionDomain$JavaSecurityAccessImpl.doIntersectionPrivilege(Ljava/security/PrivilegedAction;Ljava/security/AccessControlContext;Ljava/security/AccessControlContext;)Ljava/lang/Object;+18 java.base@17.0.2
j  java.awt.EventQueue.dispatchEvent(Ljava/awt/AWTEvent;)V+46 java.desktop@17.0.2
j  java.awt.EventDispatchThread.pumpOneEventForFilters(I)V+78 java.desktop@17.0.2
j  java.awt.EventDispatchThread.pumpEventsForFilter(ILjava/awt/Conditional;Ljava/awt/EventFilter;)V+35 java.desktop@17.0.2
j  java.awt.EventDispatchThread.pumpEventsForHierarchy(ILjava/awt/Conditional;Ljava/awt/Component;)V+11 java.desktop@17.0.2
j  java.awt.EventDispatchThread.pumpEvents(ILjava/awt/Conditional;)V+4 java.desktop@17.0.2
j  java.awt.EventDispatchThread.pumpEvents(Ljava/awt/Conditional;)V+3 java.desktop@17.0.2
j  java.awt.EventDispatchThread.run()V+9 java.desktop@17.0.2
v  ~StubRoutines::call_stub

siginfo: EXCEPTION_ACCESS_VIOLATION (0xc0000005), reading address 0x000000002c3521f4


Register to memory mapping:

RIP=0x000000007110b5db jSSC-2.8_x86_64.dll
RAX=0x000000002c3521f4 is an unknown value
RBX=0x00000023437fecd0 is pointing into the stack for thread: 0x000001d44e853970
RCX=0x00007ffc033ef554 ntdll.dll
RDX=0x0 is NULL
RSP=0x00000023437fec60 is pointing into the stack for thread: 0x000001d44e853970
RBP=0x00000023437fede0 is pointing into the stack for thread: 0x000001d44e853970
RSI=0x000001d44e853c18 points into unknown readable memory: 0x00007ffba62f5640 | 40 56 2f a6 fb 7f 00 00
RDI=0x0000000000000508 is an unknown value
R8 =0x00000023437feb58 is pointing into the stack for thread: 0x000001d44e853970
R9 =0x0 is NULL
R10=0x0 is NULL
R11=0x0000000000000246 is an unknown value
R12=0x00000023437fee98 is pointing into the stack for thread: 0x000001d44e853970
R13=0x000001d44f7817f0 points into unknown readable memory: 0x080003000000005c | 5c 00 00 00 00 03 00 08
R14=0x00000023437fed90 is pointing into the stack for thread: 0x000001d44e853970
R15=0x000001d44e853970 is a thread


Registers:
RAX=0x000000002c3521f4, RBX=0x00000023437fecd0, RCX=0x00007ffc033ef554, RDX=0x0000000000000000
RSP=0x00000023437fec60, RBP=0x00000023437fede0, RSI=0x000001d44e853c18, RDI=0x0000000000000508
R8 =0x00000023437feb58, R9 =0x0000000000000000, R10=0x0000000000000000, R11=0x0000000000000246
R12=0x00000023437fee98, R13=0x000001d44f7817f0, R14=0x00000023437fed90, R15=0x000001d44e853970
RIP=0x000000007110b5db, EFLAGS=0x0000000000010202

Top of Stack: (sp=0x00000023437fec60)
0x00000023437fec60:   0000000000000000 000001d44f726ff0
0x00000023437fec70:   000000007110b230 00007ffba5edb0ff
0x00000023437fec80:   000001d450208c10 0000000000000004
0x00000023437fec90:   000001d44e853c18 0000000000000508
0x00000023437feca0:   00000023437fede0 0000000071112590
0x00000023437fecb0:   000001d44e853970 00000023437fed90
0x00000023437fecc0:   000001d44f7817f0 00000023437fee98
0x00000023437fecd0:   000001d44f7817f0 00007ffc0338ab11
0x00000023437fece0:   000001d44f7817e0 000001d42c100000
0x00000023437fecf0:   00000023437fede0 0000000000000000
0x00000023437fed00:   0000000071113500 0000000071113be8
0x00000023437fed10:   00000023437fed40 0000000071112641
0x00000023437fed20:   00000023437fecb0 000001d44e853c18
0x00000023437fed30:   0000000000000000 0000000000000000
0x00000023437fed40:   00000023437fede0 0000000071101595
0x00000023437fed50:   000000000000001c 0000002300000000 

Instructions: (pc=0x000000007110b5db)
0x000000007110b4db:   48 85 c0 74 bf 44 8b 03 45 85 c0 0f 84 77 ff ff
0x000000007110b4eb:   ff eb 9f 66 90 e8 8b fe ff ff 48 89 05 0c 34 01
0x000000007110b4fb:   00 eb ad 66 90 e8 7b fe ff ff 48 89 05 fc 33 01
0x000000007110b50b:   00 eb 8b e8 8d fe ff ff c7 03 01 00 00 00 e9 6f
0x000000007110b51b:   ff ff ff 66 90 55 48 89 e5 56 53 48 83 ec 20 48
0x000000007110b52b:   8b 05 d7 33 01 00 48 8b 31 48 89 cb 48 85 c0 74
0x000000007110b53b:   56 44 8b 18 45 85 db 78 42 48 8b 05 bd 33 01 00
0x000000007110b54b:   48 85 c0 74 50 44 8b 10 45 85 d2 74 1d 48 89 f1
0x000000007110b55b:   e8 d0 fd ff ff 48 8b 13 48 8d 42 40 48 8b 48 08
0x000000007110b56b:   48 8b 6a 40 48 8b 60 10 ff e1 48 8b 05 9c 33 01
0x000000007110b57b:   00 48 85 c0 74 2d 48 89 30 eb da e8 b5 fe ff ff
0x000000007110b58b:   0f 1f 44 00 00 eb b2 e8 e9 fd ff ff 48 89 05 6a
0x000000007110b59b:   33 01 00 eb 9c e8 db fd ff ff 48 89 05 5c 33 01
0x000000007110b5ab:   00 eb a2 e8 3d fd ff ff 48 89 05 5e 33 01 00 eb
0x000000007110b5bb:   c5 0f 1f 40 00 55 57 56 53 48 83 ec 28 48 8b 05
0x000000007110b5cb:   39 33 01 00 48 89 cb 48 85 c0 0f 84 c5 00 00 00
0x000000007110b5db:   8b 38 85 ff 0f 88 ab 00 00 00 48 8b 05 1c 33 01
0x000000007110b5eb:   00 48 85 c0 0f 84 bc 00 00 00 8b 30 85 f6 74 57
0x000000007110b5fb:   48 8b 05 0e 33 01 00 48 85 c0 0f 84 e5 00 00 00
0x000000007110b60b:   8b 28 48 8b 35 10 5e 01 00 ff d6 89 c7 89 e9 ff
0x000000007110b61b:   15 f4 5e 01 00 89 f9 48 89 c5 ff 15 b9 5e 01 00
0x000000007110b62b:   48 8b 05 de 32 01 00 48 89 2b 48 85 c0 74 46 48
0x000000007110b63b:   89 da 8b 08 ff 15 d7 5e 01 00 85 c0 74 27 48 83
0x000000007110b64b:   c4 28 5b 5e 5f 5d c3 48 8b 05 bf 32 01 00 48 85
0x000000007110b65b:   c0 74 64 48 8b 10 48 89 13 48 89 18 48 83 c4 28
0x000000007110b66b:   5b 5e 5f 5d c3 48 89 f2 48 83 c4 28 5b 5e 5f 5d
0x000000007110b67b:   48 ff e2 66 90 e8 8b fc ff ff 48 89 05 84 32 01
0x000000007110b68b:   00 eb ac 66 90 e8 ab fd ff ff e9 4b ff ff ff 66
0x000000007110b69b:   0f 1f 44 00 00 e8 db fc ff ff 48 89 05 5c 32 01
0x000000007110b6ab:   00 e9 2a ff ff ff e8 ca fc ff ff 48 89 05 4b 32
0x000000007110b6bb:   01 00 e9 33 ff ff ff e8 29 fc ff ff 48 89 05 4a
0x000000007110b6cb:   32 01 00 48 8b 10 48 85 c0 48 89 13 75 8b e8 12 


Stack slot to memory mapping:
stack at sp + 0 slots: 0x0 is NULL
stack at sp + 1 slots: 0x000001d44f726ff0 points into unknown readable memory: 0x000001d42bfc1440 | 40 14 fc 2b d4 01 00 00
stack at sp + 2 slots: 0x000000007110b230 jSSC-2.8_x86_64.dll
stack at sp + 3 slots: 0x00007ffba5edb0ff jvm.dll
stack at sp + 4 slots: 0x000001d450208c10 points into unknown readable memory: 0x005c002e005c005c | 5c 00 5c 00 2e 00 5c 00
stack at sp + 5 slots: 0x0000000000000004 is an unknown value
stack at sp + 6 slots: 0x000001d44e853c18 points into unknown readable memory: 0x00007ffba62f5640 | 40 56 2f a6 fb 7f 00 00
stack at sp + 7 slots: 0x0000000000000508 is an unknown value


---------------  P R O C E S S  ---------------

Threads class SMR info:
_java_thread_list=0x000001d44f5944c0, length=16, elements={
0x000001d44e83e060, 0x000001d44e83ede0, 0x000001d44e84e3a0, 0x000001d44e850f80,
0x000001d44e852fd0, 0x000001d44e854310, 0x000001d44e85ac40, 0x000001d44e85dbc0,
0x000001d44e869170, 0x000001d44e8547e0, 0x000001d44e855180, 0x000001d44e852160,
0x000001d44e852630, 0x000001d44e8534a0, 0x000001d44e853970, 0x000001d44e854cb0
}

Java Threads: ( => current thread )
  0x000001d44e83e060 JavaThread "Reference Handler" daemon [_thread_blocked, id=12944, stack(0x0000002342800000,0x0000002342900000)]
  0x000001d44e83ede0 JavaThread "Finalizer" daemon [_thread_blocked, id=1892, stack(0x0000002342900000,0x0000002342a00000)]
  0x000001d44e84e3a0 JavaThread "Signal Dispatcher" daemon [_thread_blocked, id=17720, stack(0x0000002342a00000,0x0000002342b00000)]
  0x000001d44e850f80 JavaThread "Attach Listener" daemon [_thread_blocked, id=13396, stack(0x0000002342b00000,0x0000002342c00000)]
  0x000001d44e852fd0 JavaThread "Service Thread" daemon [_thread_blocked, id=1624, stack(0x0000002342c00000,0x0000002342d00000)]
  0x000001d44e854310 JavaThread "Monitor Deflation Thread" daemon [_thread_blocked, id=19584, stack(0x0000002342d00000,0x0000002342e00000)]
  0x000001d44e85ac40 JavaThread "C2 CompilerThread0" daemon [_thread_blocked, id=15200, stack(0x0000002342e00000,0x0000002342f00000)]
  0x000001d44e85dbc0 JavaThread "C1 CompilerThread0" daemon [_thread_blocked, id=17220, stack(0x0000002342f00000,0x0000002343000000)]
  0x000001d44e869170 JavaThread "Sweeper thread" daemon [_thread_blocked, id=6736, stack(0x0000002343000000,0x0000002343100000)]
  0x000001d44e8547e0 JavaThread "Notification Thread" daemon [_thread_blocked, id=12968, stack(0x0000002343100000,0x0000002343200000)]
  0x000001d44e855180 JavaThread "Common-Cleaner" daemon [_thread_blocked, id=4052, stack(0x0000002343300000,0x0000002343400000)]
  0x000001d44e852160 JavaThread "Java2D Disposer" daemon [_thread_blocked, id=9628, stack(0x0000002343400000,0x0000002343500000)]
  0x000001d44e852630 JavaThread "AWT-Shutdown" [_thread_blocked, id=8856, stack(0x0000002343500000,0x0000002343600000)]
  0x000001d44e8534a0 JavaThread "AWT-Windows" daemon [_thread_in_native, id=14172, stack(0x0000002343600000,0x0000002343700000)]
=>0x000001d44e853970 JavaThread "AWT-EventQueue-0" [_thread_in_native, id=16312, stack(0x0000002343700000,0x0000002343800000)]
  0x000001d44e854cb0 JavaThread "DestroyJavaVM" [_thread_blocked, id=15064, stack(0x0000002342100000,0x0000002342200000)]

Other Threads:
  0x000001d44e837140 VMThread "VM Thread" [stack: 0x0000002342700000,0x0000002342800000] [id=10828]
  0x000001d42e3853e0 WatcherThread [stack: 0x0000002343200000,0x0000002343300000] [id=632]
  0x000001d42e370180 GCTaskThread "GC Thread#0" [stack: 0x0000002342200000,0x0000002342300000] [id=9644]
  0x000001d42e37cb90 ConcurrentGCThread "G1 Main Marker" [stack: 0x0000002342300000,0x0000002342400000] [id=16184]
  0x000001d42e37d4b0 ConcurrentGCThread "G1 Conc#0" [stack: 0x0000002342400000,0x0000002342500000] [id=8388]
  0x000001d42e3f16b0 ConcurrentGCThread "G1 Refine#0" [stack: 0x0000002342500000,0x0000002342600000] [id=16208]
  0x000001d44e701610 ConcurrentGCThread "G1 Service" [stack: 0x0000002342600000,0x0000002342700000] [id=3552]

Threads with active compile tasks:

VM state: not at safepoint (normal execution)

VM Mutex/Monitor currently owned by a thread: None

Heap address: 0x0000000744400000, size: 3004 MB, Compressed Oops mode: Zero based, Oop shift amount: 3

CDS archive(s) mapped at: [0x0000000800000000-0x0000000800bc0000-0x0000000800bc0000), size 12320768, SharedBaseAddress: 0x0000000800000000, ArchiveRelocationMode: 0.
Compressed class space mapped at: 0x0000000800c00000-0x0000000840c00000, reserved size: 1073741824
Narrow klass base: 0x0000000800000000, Narrow klass shift: 0, Narrow klass range: 0x100000000

GC Precious Log:
 CPUs: 8 total, 8 available
 Memory: 12012M
 Large Page Support: Disabled
 NUMA Support: Disabled
 Compressed Oops: Enabled (Zero based)
 Heap Region Size: 2M
 Heap Min Capacity: 8M
 Heap Initial Capacity: 188M
 Heap Max Capacity: 3004M
 Pre-touch: Disabled
 Parallel Workers: 8
 Concurrent Workers: 2
 Concurrent Refinement Workers: 8
 Periodic GC: Disabled

Heap:
 garbage-first heap   total 192512K, used 6144K [0x0000000744400000, 0x0000000800000000)
  region size 2048K, 4 young (8192K), 0 survivors (0K)
 Metaspace       used 7453K, committed 7616K, reserved 1056768K
  class space    used 876K, committed 960K, reserved 1048576K

Heap Regions: E=young(eden), S=young(survivor), O=old, HS=humongous(starts), HC=humongous(continues), CS=collection set, F=free, OA=open archive, CA=closed archive, TAMS=top-at-mark-start (previous, next)
|   0|0x0000000744400000, 0x0000000744400000, 0x0000000744600000|  0%| F|  |TAMS 0x0000000744400000, 0x0000000744400000| Untracked 
|   1|0x0000000744600000, 0x0000000744600000, 0x0000000744800000|  0%| F|  |TAMS 0x0000000744600000, 0x0000000744600000| Untracked 
|   2|0x0000000744800000, 0x0000000744800000, 0x0000000744a00000|  0%| F|  |TAMS 0x0000000744800000, 0x0000000744800000| Untracked 
|   3|0x0000000744a00000, 0x0000000744a00000, 0x0000000744c00000|  0%| F|  |TAMS 0x0000000744a00000, 0x0000000744a00000| Untracked 
|   4|0x0000000744c00000, 0x0000000744c00000, 0x0000000744e00000|  0%| F|  |TAMS 0x0000000744c00000, 0x0000000744c00000| Untracked 
|   5|0x0000000744e00000, 0x0000000744e00000, 0x0000000745000000|  0%| F|  |TAMS 0x0000000744e00000, 0x0000000744e00000| Untracked 
|   6|0x0000000745000000, 0x0000000745000000, 0x0000000745200000|  0%| F|  |TAMS 0x0000000745000000, 0x0000000745000000| Untracked 
|   7|0x0000000745200000, 0x0000000745200000, 0x0000000745400000|  0%| F|  |TAMS 0x0000000745200000, 0x0000000745200000| Untracked 
|   8|0x0000000745400000, 0x0000000745400000, 0x0000000745600000|  0%| F|  |TAMS 0x0000000745400000, 0x0000000745400000| Untracked 
|   9|0x0000000745600000, 0x0000000745600000, 0x0000000745800000|  0%| F|  |TAMS 0x0000000745600000, 0x0000000745600000| Untracked 
|  10|0x0000000745800000, 0x0000000745800000, 0x0000000745a00000|  0%| F|  |TAMS 0x0000000745800000, 0x0000000745800000| Untracked 
|  11|0x0000000745a00000, 0x0000000745a00000, 0x0000000745c00000|  0%| F|  |TAMS 0x0000000745a00000, 0x0000000745a00000| Untracked 
|  12|0x0000000745c00000, 0x0000000745c00000, 0x0000000745e00000|  0%| F|  |TAMS 0x0000000745c00000, 0x0000000745c00000| Untracked 
|  13|0x0000000745e00000, 0x0000000745e00000, 0x0000000746000000|  0%| F|  |TAMS 0x0000000745e00000, 0x0000000745e00000| Untracked 
|  14|0x0000000746000000, 0x0000000746000000, 0x0000000746200000|  0%| F|  |TAMS 0x0000000746000000, 0x0000000746000000| Untracked 
|  15|0x0000000746200000, 0x0000000746200000, 0x0000000746400000|  0%| F|  |TAMS 0x0000000746200000, 0x0000000746200000| Untracked 
|  16|0x0000000746400000, 0x0000000746400000, 0x0000000746600000|  0%| F|  |TAMS 0x0000000746400000, 0x0000000746400000| Untracked 
|  17|0x0000000746600000, 0x0000000746600000, 0x0000000746800000|  0%| F|  |TAMS 0x0000000746600000, 0x0000000746600000| Untracked 
|  18|0x0000000746800000, 0x0000000746800000, 0x0000000746a00000|  0%| F|  |TAMS 0x0000000746800000, 0x0000000746800000| Untracked 
|  19|0x0000000746a00000, 0x0000000746a00000, 0x0000000746c00000|  0%| F|  |TAMS 0x0000000746a00000, 0x0000000746a00000| Untracked 
|  20|0x0000000746c00000, 0x0000000746c00000, 0x0000000746e00000|  0%| F|  |TAMS 0x0000000746c00000, 0x0000000746c00000| Untracked 
|  21|0x0000000746e00000, 0x0000000746e00000, 0x0000000747000000|  0%| F|  |TAMS 0x0000000746e00000, 0x0000000746e00000| Untracked 
|  22|0x0000000747000000, 0x0000000747000000, 0x0000000747200000|  0%| F|  |TAMS 0x0000000747000000, 0x0000000747000000| Untracked 
|  23|0x0000000747200000, 0x0000000747200000, 0x0000000747400000|  0%| F|  |TAMS 0x0000000747200000, 0x0000000747200000| Untracked 
|  24|0x0000000747400000, 0x0000000747400000, 0x0000000747600000|  0%| F|  |TAMS 0x0000000747400000, 0x0000000747400000| Untracked 
|  25|0x0000000747600000, 0x0000000747600000, 0x0000000747800000|  0%| F|  |TAMS 0x0000000747600000, 0x0000000747600000| Untracked 
|  26|0x0000000747800000, 0x0000000747800000, 0x0000000747a00000|  0%| F|  |TAMS 0x0000000747800000, 0x0000000747800000| Untracked 
|  27|0x0000000747a00000, 0x0000000747a00000, 0x0000000747c00000|  0%| F|  |TAMS 0x0000000747a00000, 0x0000000747a00000| Untracked 
|  28|0x0000000747c00000, 0x0000000747c00000, 0x0000000747e00000|  0%| F|  |TAMS 0x0000000747c00000, 0x0000000747c00000| Untracked 
|  29|0x0000000747e00000, 0x0000000747e00000, 0x0000000748000000|  0%| F|  |TAMS 0x0000000747e00000, 0x0000000747e00000| Untracked 
|  30|0x0000000748000000, 0x0000000748000000, 0x0000000748200000|  0%| F|  |TAMS 0x0000000748000000, 0x0000000748000000| Untracked 
|  31|0x0000000748200000, 0x0000000748200000, 0x0000000748400000|  0%| F|  |TAMS 0x0000000748200000, 0x0000000748200000| Untracked 
|  32|0x0000000748400000, 0x0000000748400000, 0x0000000748600000|  0%| F|  |TAMS 0x0000000748400000, 0x0000000748400000| Untracked 
|  33|0x0000000748600000, 0x0000000748600000, 0x0000000748800000|  0%| F|  |TAMS 0x0000000748600000, 0x0000000748600000| Untracked 
|  34|0x0000000748800000, 0x0000000748800000, 0x0000000748a00000|  0%| F|  |TAMS 0x0000000748800000, 0x0000000748800000| Untracked 
|  35|0x0000000748a00000, 0x0000000748a00000, 0x0000000748c00000|  0%| F|  |TAMS 0x0000000748a00000, 0x0000000748a00000| Untracked 
|  36|0x0000000748c00000, 0x0000000748c00000, 0x0000000748e00000|  0%| F|  |TAMS 0x0000000748c00000, 0x0000000748c00000| Untracked 
|  37|0x0000000748e00000, 0x0000000748e00000, 0x0000000749000000|  0%| F|  |TAMS 0x0000000748e00000, 0x0000000748e00000| Untracked 
|  38|0x0000000749000000, 0x0000000749000000, 0x0000000749200000|  0%| F|  |TAMS 0x0000000749000000, 0x0000000749000000| Untracked 
|  39|0x0000000749200000, 0x0000000749200000, 0x0000000749400000|  0%| F|  |TAMS 0x0000000749200000, 0x0000000749200000| Untracked 
|  40|0x0000000749400000, 0x0000000749400000, 0x0000000749600000|  0%| F|  |TAMS 0x0000000749400000, 0x0000000749400000| Untracked 
|  41|0x0000000749600000, 0x0000000749600000, 0x0000000749800000|  0%| F|  |TAMS 0x0000000749600000, 0x0000000749600000| Untracked 
|  42|0x0000000749800000, 0x0000000749800000, 0x0000000749a00000|  0%| F|  |TAMS 0x0000000749800000, 0x0000000749800000| Untracked 
|  43|0x0000000749a00000, 0x0000000749a00000, 0x0000000749c00000|  0%| F|  |TAMS 0x0000000749a00000, 0x0000000749a00000| Untracked 
|  44|0x0000000749c00000, 0x0000000749c00000, 0x0000000749e00000|  0%| F|  |TAMS 0x0000000749c00000, 0x0000000749c00000| Untracked 
|  45|0x0000000749e00000, 0x0000000749e00000, 0x000000074a000000|  0%| F|  |TAMS 0x0000000749e00000, 0x0000000749e00000| Untracked 
|  46|0x000000074a000000, 0x000000074a000000, 0x000000074a200000|  0%| F|  |TAMS 0x000000074a000000, 0x000000074a000000| Untracked 
|  47|0x000000074a200000, 0x000000074a200000, 0x000000074a400000|  0%| F|  |TAMS 0x000000074a200000, 0x000000074a200000| Untracked 
|  48|0x000000074a400000, 0x000000074a400000, 0x000000074a600000|  0%| F|  |TAMS 0x000000074a400000, 0x000000074a400000| Untracked 
|  49|0x000000074a600000, 0x000000074a600000, 0x000000074a800000|  0%| F|  |TAMS 0x000000074a600000, 0x000000074a600000| Untracked 
|  50|0x000000074a800000, 0x000000074a800000, 0x000000074aa00000|  0%| F|  |TAMS 0x000000074a800000, 0x000000074a800000| Untracked 
|  51|0x000000074aa00000, 0x000000074aa00000, 0x000000074ac00000|  0%| F|  |TAMS 0x000000074aa00000, 0x000000074aa00000| Untracked 
|  52|0x000000074ac00000, 0x000000074ac00000, 0x000000074ae00000|  0%| F|  |TAMS 0x000000074ac00000, 0x000000074ac00000| Untracked 
|  53|0x000000074ae00000, 0x000000074ae00000, 0x000000074b000000|  0%| F|  |TAMS 0x000000074ae00000, 0x000000074ae00000| Untracked 
|  54|0x000000074b000000, 0x000000074b000000, 0x000000074b200000|  0%| F|  |TAMS 0x000000074b000000, 0x000000074b000000| Untracked 
|  55|0x000000074b200000, 0x000000074b200000, 0x000000074b400000|  0%| F|  |TAMS 0x000000074b200000, 0x000000074b200000| Untracked 
|  56|0x000000074b400000, 0x000000074b400000, 0x000000074b600000|  0%| F|  |TAMS 0x000000074b400000, 0x000000074b400000| Untracked 
|  57|0x000000074b600000, 0x000000074b600000, 0x000000074b800000|  0%| F|  |TAMS 0x000000074b600000, 0x000000074b600000| Untracked 
|  58|0x000000074b800000, 0x000000074b800000, 0x000000074ba00000|  0%| F|  |TAMS 0x000000074b800000, 0x000000074b800000| Untracked 
|  59|0x000000074ba00000, 0x000000074ba00000, 0x000000074bc00000|  0%| F|  |TAMS 0x000000074ba00000, 0x000000074ba00000| Untracked 
|  60|0x000000074bc00000, 0x000000074bc00000, 0x000000074be00000|  0%| F|  |TAMS 0x000000074bc00000, 0x000000074bc00000| Untracked 
|  61|0x000000074be00000, 0x000000074be00000, 0x000000074c000000|  0%| F|  |TAMS 0x000000074be00000, 0x000000074be00000| Untracked 
|  62|0x000000074c000000, 0x000000074c000000, 0x000000074c200000|  0%| F|  |TAMS 0x000000074c000000, 0x000000074c000000| Untracked 
|  63|0x000000074c200000, 0x000000074c200000, 0x000000074c400000|  0%| F|  |TAMS 0x000000074c200000, 0x000000074c200000| Untracked 
|  64|0x000000074c400000, 0x000000074c400000, 0x000000074c600000|  0%| F|  |TAMS 0x000000074c400000, 0x000000074c400000| Untracked 
|  65|0x000000074c600000, 0x000000074c600000, 0x000000074c800000|  0%| F|  |TAMS 0x000000074c600000, 0x000000074c600000| Untracked 
|  66|0x000000074c800000, 0x000000074c800000, 0x000000074ca00000|  0%| F|  |TAMS 0x000000074c800000, 0x000000074c800000| Untracked 
|  67|0x000000074ca00000, 0x000000074ca00000, 0x000000074cc00000|  0%| F|  |TAMS 0x000000074ca00000, 0x000000074ca00000| Untracked 
|  68|0x000000074cc00000, 0x000000074cc00000, 0x000000074ce00000|  0%| F|  |TAMS 0x000000074cc00000, 0x000000074cc00000| Untracked 
|  69|0x000000074ce00000, 0x000000074ce00000, 0x000000074d000000|  0%| F|  |TAMS 0x000000074ce00000, 0x000000074ce00000| Untracked 
|  70|0x000000074d000000, 0x000000074d000000, 0x000000074d200000|  0%| F|  |TAMS 0x000000074d000000, 0x000000074d000000| Untracked 
|  71|0x000000074d200000, 0x000000074d200000, 0x000000074d400000|  0%| F|  |TAMS 0x000000074d200000, 0x000000074d200000| Untracked 
|  72|0x000000074d400000, 0x000000074d400000, 0x000000074d600000|  0%| F|  |TAMS 0x000000074d400000, 0x000000074d400000| Untracked 
|  73|0x000000074d600000, 0x000000074d600000, 0x000000074d800000|  0%| F|  |TAMS 0x000000074d600000, 0x000000074d600000| Untracked 
|  74|0x000000074d800000, 0x000000074d800000, 0x000000074da00000|  0%| F|  |TAMS 0x000000074d800000, 0x000000074d800000| Untracked 
|  75|0x000000074da00000, 0x000000074da00000, 0x000000074dc00000|  0%| F|  |TAMS 0x000000074da00000, 0x000000074da00000| Untracked 
|  76|0x000000074dc00000, 0x000000074dc00000, 0x000000074de00000|  0%| F|  |TAMS 0x000000074dc00000, 0x000000074dc00000| Untracked 
|  77|0x000000074de00000, 0x000000074de00000, 0x000000074e000000|  0%| F|  |TAMS 0x000000074de00000, 0x000000074de00000| Untracked 
|  78|0x000000074e000000, 0x000000074e000000, 0x000000074e200000|  0%| F|  |TAMS 0x000000074e000000, 0x000000074e000000| Untracked 
|  79|0x000000074e200000, 0x000000074e200000, 0x000000074e400000|  0%| F|  |TAMS 0x000000074e200000, 0x000000074e200000| Untracked 
|  80|0x000000074e400000, 0x000000074e400000, 0x000000074e600000|  0%| F|  |TAMS 0x000000074e400000, 0x000000074e400000| Untracked 
|  81|0x000000074e600000, 0x000000074e600000, 0x000000074e800000|  0%| F|  |TAMS 0x000000074e600000, 0x000000074e600000| Untracked 
|  82|0x000000074e800000, 0x000000074e800000, 0x000000074ea00000|  0%| F|  |TAMS 0x000000074e800000, 0x000000074e800000| Untracked 
|  83|0x000000074ea00000, 0x000000074ea00000, 0x000000074ec00000|  0%| F|  |TAMS 0x000000074ea00000, 0x000000074ea00000| Untracked 
|  84|0x000000074ec00000, 0x000000074ec00000, 0x000000074ee00000|  0%| F|  |TAMS 0x000000074ec00000, 0x000000074ec00000| Untracked 
|  85|0x000000074ee00000, 0x000000074ee00000, 0x000000074f000000|  0%| F|  |TAMS 0x000000074ee00000, 0x000000074ee00000| Untracked 
|  86|0x000000074f000000, 0x000000074f000000, 0x000000074f200000|  0%| F|  |TAMS 0x000000074f000000, 0x000000074f000000| Untracked 
|  87|0x000000074f200000, 0x000000074f200000, 0x000000074f400000|  0%| F|  |TAMS 0x000000074f200000, 0x000000074f200000| Untracked 
|  88|0x000000074f400000, 0x000000074f400000, 0x000000074f600000|  0%| F|  |TAMS 0x000000074f400000, 0x000000074f400000| Untracked 
|  89|0x000000074f600000, 0x000000074f600000, 0x000000074f800000|  0%| F|  |TAMS 0x000000074f600000, 0x000000074f600000| Untracked 
|  90|0x000000074f800000, 0x000000074f8716a0, 0x000000074fa00000| 22%| E|  |TAMS 0x000000074f800000, 0x000000074f800000| Complete 
|  91|0x000000074fa00000, 0x000000074fc00000, 0x000000074fc00000|100%| E|CS|TAMS 0x000000074fa00000, 0x000000074fa00000| Complete 
|  92|0x000000074fc00000, 0x000000074fe00000, 0x000000074fe00000|100%| E|CS|TAMS 0x000000074fc00000, 0x000000074fc00000| Complete 
|  93|0x000000074fe00000, 0x0000000750000000, 0x0000000750000000|100%| E|CS|TAMS 0x000000074fe00000, 0x000000074fe00000| Complete 

Card table byte_map: [0x000001d445490000,0x000001d445a70000] _byte_map_base: 0x000001d441a6e000

Marking Bits (Prev, Next): (CMBitMap*) 0x000001d42e3706a0, (CMBitMap*) 0x000001d42e3706e0
 Prev Bits: [0x000001d446050000, 0x000001d448f40000)
 Next Bits: [0x000001d448f40000, 0x000001d44be30000)

Polling page: 0x000001d42c2b0000

Metaspace:

Usage:
  Non-class:      6.42 MB used.
      Class:    876.23 KB used.
       Both:      7.28 MB used.

Virtual space:
  Non-class space:        8.00 MB reserved,       6.50 MB ( 81%) committed,  1 nodes.
      Class space:        1.00 GB reserved,     960.00 KB ( <1%) committed,  1 nodes.
             Both:        1.01 GB reserved,       7.44 MB ( <1%) committed. 

Chunk freelists:
   Non-Class:  960.00 KB
       Class:  2.99 MB
        Both:  3.93 MB

MaxMetaspaceSize: unlimited
CompressedClassSpaceSize: 1.00 GB
Initial GC threshold: 21.00 MB
Current GC threshold: 21.00 MB
CDS: on
MetaspaceReclaimPolicy: balanced
 - commit_granule_bytes: 65536.
 - commit_granule_words: 8192.
 - virtual_space_node_default_size: 1048576.
 - enlarge_chunks_in_place: 1.
 - new_chunks_are_fully_committed: 0.
 - uncommit_free_chunks: 1.
 - use_allocation_guard: 0.
 - handle_deallocations: 1.


Internal statistics:

num_allocs_failed_limit: 0.
num_arena_births: 106.
num_arena_deaths: 0.
num_vsnodes_births: 2.
num_vsnodes_deaths: 0.
num_space_committed: 119.
num_space_uncommitted: 0.
num_chunks_returned_to_freelist: 0.
num_chunks_taken_from_freelist: 157.
num_chunk_merges: 0.
num_chunk_splits: 84.
num_chunks_enlarged: 24.
num_purges: 0.
num_inconsistent_stats: 0.

CodeHeap 'non-profiled nmethods': size=120000Kb used=169Kb max_used=169Kb free=119830Kb
 bounds [0x000001d43d650000, 0x000001d43d8c0000, 0x000001d444b80000]
CodeHeap 'profiled nmethods': size=120000Kb used=983Kb max_used=983Kb free=119016Kb
 bounds [0x000001d436120000, 0x000001d436390000, 0x000001d43d650000]
CodeHeap 'non-nmethods': size=5760Kb used=1245Kb max_used=1259Kb free=4514Kb
 bounds [0x000001d435b80000, 0x000001d435df0000, 0x000001d436120000]
 total_blobs=1208 nmethods=645 adapters=476
 compilation: enabled
              stopped_count=0, restarted_count=0
 full_count=0

Compilation events (20 events):
Event: 0.198 Thread 0x000001d44e85dbc0  636       3       java.util.ArrayList::get (15 bytes)
Event: 0.198 Thread 0x000001d44e85dbc0 nmethod 636 0x000001d436213610 code [0x000001d4362137e0, 0x000001d436213b88]
Event: 0.198 Thread 0x000001d44e85dbc0  637       3       java.util.Objects::checkIndex (7 bytes)
Event: 0.198 Thread 0x000001d44e85dbc0 nmethod 637 0x000001d436213d10 code [0x000001d436213ec0, 0x000001d4362140c8]
Event: 0.198 Thread 0x000001d44e85dbc0  638       3       jdk.internal.util.Preconditions::checkIndex (18 bytes)
Event: 0.198 Thread 0x000001d44e85dbc0 nmethod 638 0x000001d436214210 code [0x000001d4362143c0, 0x000001d436214568]
Event: 0.198 Thread 0x000001d44e85dbc0  639       3       java.util.ArrayList::elementData (7 bytes)
Event: 0.198 Thread 0x000001d44e85dbc0 nmethod 639 0x000001d436214610 code [0x000001d4362147a0, 0x000001d4362148d8]
Event: 0.198 Thread 0x000001d44e85ac40  640       4       java.util.HashMap::getNode (150 bytes)
Event: 0.200 Thread 0x000001d44e85ac40 nmethod 640 0x000001d43d679a90 code [0x000001d43d679c20, 0x000001d43d679f08]
Event: 0.201 Thread 0x000001d44e85dbc0  641       3       java.lang.StringBuilder::append (8 bytes)
Event: 0.201 Thread 0x000001d44e85dbc0 nmethod 641 0x000001d436214990 code [0x000001d436214b20, 0x000001d436214c68]
Event: 0.201 Thread 0x000001d44e85dbc0  642       3       java.lang.AbstractStringBuilder::append (55 bytes)
Event: 0.201 Thread 0x000001d44e85dbc0 nmethod 642 0x000001d436214d10 code [0x000001d436214ee0, 0x000001d436215218]
Event: 0.201 Thread 0x000001d44e85dbc0  643       3       java.lang.Module::isNamed (13 bytes)
Event: 0.201 Thread 0x000001d44e85dbc0 nmethod 643 0x000001d436215390 code [0x000001d436215520, 0x000001d436215698]
Event: 0.203 Thread 0x000001d44e85dbc0  644       3       java.util.zip.ZipUtils::LG (22 bytes)
Event: 0.203 Thread 0x000001d44e85dbc0 nmethod 644 0x000001d436215710 code [0x000001d4362158c0, 0x000001d436215b38]
Event: 0.203 Thread 0x000001d44e85dbc0  645       1       java.util.zip.Inflater$InflaterZStreamRef::address (5 bytes)
Event: 0.203 Thread 0x000001d44e85dbc0 nmethod 645 0x000001d43d67a190 code [0x000001d43d67a320, 0x000001d43d67a3f8]

GC Heap History (0 events):
No events

Deoptimization events (2 events):
Event: 0.165 Thread 0x000001d44e853970 DEOPT PACKING pc=0x000001d436135f67 sp=0x00000023437fe770
Event: 0.165 Thread 0x000001d44e853970 DEOPT UNPACKING pc=0x000001d435bd2b43 sp=0x00000023437fdb90 mode 0

Classes unloaded (0 events):
No events

Classes redefined (0 events):
No events

Internal exceptions (20 events):
Event: 0.140 Thread 0x000001d42e32f5c0 Exception <a 'java/lang/ClassNotFoundException'{0x000000074fa91380}: TextPane> (0x000000074fa91380) 
thrown [t:\workspace\open\src\hotspot\share\classfile\systemDictionary.cpp, line 256]
Event: 0.140 Thread 0x000001d42e32f5c0 Exception <a 'java/lang/ClassNotFoundException'{0x000000074fa917e8}: EditorPane> (0x000000074fa917e8) 
thrown [t:\workspace\open\src\hotspot\share\classfile\systemDictionary.cpp, line 256]
Event: 0.140 Thread 0x000001d42e32f5c0 Exception <a 'java/lang/ClassNotFoundException'{0x000000074fa92148}: ToolBar> (0x000000074fa92148) 
thrown [t:\workspace\open\src\hotspot\share\classfile\systemDictionary.cpp, line 256]
Event: 0.140 Thread 0x000001d42e32f5c0 Exception <a 'java/lang/ClassNotFoundException'{0x000000074fa92640}: ToolBar> (0x000000074fa92640) 
thrown [t:\workspace\open\src\hotspot\share\classfile\systemDictionary.cpp, line 256]
Event: 0.140 Thread 0x000001d42e32f5c0 Exception <a 'java/lang/ClassNotFoundException'{0x000000074fa929a0}: Button> (0x000000074fa929a0) 
thrown [t:\workspace\open\src\hotspot\share\classfile\systemDictionary.cpp, line 256]
Event: 0.140 Thread 0x000001d42e32f5c0 Exception <a 'java/lang/ClassNotFoundException'{0x000000074fa92e68}: ToolBar> (0x000000074fa92e68) 
thrown [t:\workspace\open\src\hotspot\share\classfile\systemDictionary.cpp, line 256]
Event: 0.140 Thread 0x000001d42e32f5c0 Exception <a 'java/lang/ClassNotFoundException'{0x000000074fa931d8}: ToggleButton> (0x000000074fa931d8) 
thrown [t:\workspace\open\src\hotspot\share\classfile\systemDictionary.cpp, line 256]
Event: 0.140 Thread 0x000001d42e32f5c0 Exception <a 'java/lang/ClassNotFoundException'{0x000000074fa93618}: javax/swing/JToolBarSeparator> (0x000000074fa93618) 
thrown [t:\workspace\open\src\hotspot\share\classfile\systemDictionary.cpp, line 256]
Event: 0.140 Thread 0x000001d42e32f5c0 Exception <a 'java/lang/ClassNotFoundException'{0x000000074fa93920}: ToolBarSeparator> (0x000000074fa93920) 
thrown [t:\workspace\open\src\hotspot\share\classfile\systemDictionary.cpp, line 256]
Event: 0.140 Thread 0x000001d42e32f5c0 Exception <a 'java/lang/ClassNotFoundException'{0x000000074fa93e38}: ToolTip> (0x000000074fa93e38) 
thrown [t:\workspace\open\src\hotspot\share\classfile\systemDictionary.cpp, line 256]
Event: 0.140 Thread 0x000001d42e32f5c0 Exception <a 'java/lang/ClassNotFoundException'{0x000000074fa94788}: Tree> (0x000000074fa94788) 
thrown [t:\workspace\open\src\hotspot\share\classfile\systemDictionary.cpp, line 256]
Event: 0.141 Thread 0x000001d42e32f5c0 Exception <a 'java/lang/ClassNotFoundException'{0x000000074fa94c80}: Tree> (0x000000074fa94c80) 
thrown [t:\workspace\open\src\hotspot\share\classfile\systemDictionary.cpp, line 256]
Event: 0.141 Thread 0x000001d42e32f5c0 Exception <a 'java/lang/ClassNotFoundException'{0x000000074fa94ff0}: javax/swing/JTreeCell> (0x000000074fa94ff0) 
thrown [t:\workspace\open\src\hotspot\share\classfile\systemDictionary.cpp, line 256]
Event: 0.141 Thread 0x000001d42e32f5c0 Exception <a 'java/lang/ClassNotFoundException'{0x000000074fa952f0}: TreeCell> (0x000000074fa952f0) 
thrown [t:\workspace\open\src\hotspot\share\classfile\systemDictionary.cpp, line 256]
Event: 0.141 Thread 0x000001d42e32f5c0 Exception <a 'java/lang/ClassNotFoundException'{0x000000074fa95ab0}: RootPane> (0x000000074fa95ab0) 
thrown [t:\workspace\open\src\hotspot\share\classfile\systemDictionary.cpp, line 256]
Event: 0.142 Thread 0x000001d42e32f5c0 Exception <a 'java/lang/ClassNotFoundException'{0x000000074fa98900}: com/sun/swing/internal/plaf/metal/resources/spi/metalProvider> (0x000000074fa98900) 
thrown [t:\workspace\open\src\hotspot\share\classfile\systemDictionary.cpp, line 256]
Event: 0.142 Thread 0x000001d42e32f5c0 Exception <a 'java/lang/ClassNotFoundException'{0x000000074fa9c4b0}: com/sun/swing/internal/plaf/basic/resources/spi/basicProvider> (0x000000074fa9c4b0) 
thrown [t:\workspace\open\src\hotspot\share\classfile\systemDictionary.cpp, line 256]
Event: 0.153 Thread 0x000001d44e853970 Exception <a 'java/lang/ClassNotFoundException'{0x000000074fafa3d0}: com/sun/swing/internal/plaf/synth/resources/spi/synthProvider> (0x000000074fafa3d0) 
thrown [t:\workspace\open\src\hotspot\share\classfile\systemDictionary.cpp, line 256]
Event: 0.171 Thread 0x000001d44e8534a0 Exception <a 'java/lang/NoSuchMethodError'{0x000000074fcf1660}: 'void java.lang.invoke.DirectMethodHandle$Holder.invokeVirtual(java.lang.Object, java.lang.Object)'> (0x000000074fcf1660) 
thrown [t:\workspace\open\src\hotspot\share\interpreter\linkResolver.cpp, line 766]
Event: 0.179 Thread 0x000001d44e853970 Exception <a 'java/lang/NoSuchMethodError'{0x000000074fbe7ba8}: 'void java.lang.invoke.DirectMethodHandle$Holder.invokeStaticInit(java.lang.Object)'> (0x000000074fbe7ba8) 
thrown [t:\workspace\open\src\hotspot\share\interpreter\linkResolver.cpp, line 766]

VM Operations (6 events):
Event: 0.041 Executing VM operation: HandshakeAllThreads
Event: 0.041 Executing VM operation: HandshakeAllThreads done
Event: 0.129 Executing VM operation: HandshakeAllThreads
Event: 0.129 Executing VM operation: HandshakeAllThreads done
Event: 0.174 Executing VM operation: HandshakeAllThreads
Event: 0.174 Executing VM operation: HandshakeAllThreads done

Events (20 events):
Event: 0.195 loading class sun/font/CompositeGlyphMapper done
Event: 0.197 loading class javax/swing/GroupLayout$1
Event: 0.197 loading class javax/swing/GroupLayout$1 done
Event: 0.197 loading class java/awt/Component$BaselineResizeBehavior
Event: 0.197 loading class java/awt/Component$BaselineResizeBehavior done
Event: 0.197 loading class javax/swing/LayoutStyle
Event: 0.197 loading class javax/swing/LayoutStyle done
Event: 0.197 loading class sun/swing/DefaultLayoutStyle
Event: 0.197 loading class sun/swing/DefaultLayoutStyle done
Event: 0.199 loading class java/io/Reader
Event: 0.199 loading class java/io/Reader done
Event: 0.199 loading class java/io/InputStreamReader
Event: 0.199 loading class java/io/InputStreamReader done
Event: 0.200 Loaded shared library C:\Users\nunez\.jssc\windows\jSSC-2.8_x86_64.dll
Event: 0.202 loading class java/lang/invoke/DirectMethodHandle$Special
Event: 0.202 loading class java/lang/invoke/DirectMethodHandle$Special done
Event: 0.203 loading class java/lang/InterruptedException
Event: 0.203 loading class java/lang/InterruptedException done
Event: 0.203 loading class java/lang/SecurityException
Event: 0.203 loading class java/lang/SecurityException done


Dynamic libraries:
0x00007ff734840000 - 0x00007ff734850000 	C:\Program Files\Java\jdk-17.0.2\bin\java.exe
0x00007ffc03350000 - 0x00007ffc03567000 	C:\WINDOWS\SYSTEM32\ntdll.dll
0x00007ffc027d0000 - 0x00007ffc02894000 	C:\WINDOWS\System32\KERNEL32.DLL
0x00007ffc00800000 - 0x00007ffc00ba5000 	C:\WINDOWS\System32\KERNELBASE.dll
0x00007ffc00d00000 - 0x00007ffc00e11000 	C:\WINDOWS\System32\ucrtbase.dll
0x00007ffbf4ce0000 - 0x00007ffbf4cfa000 	C:\Program Files\Java\jdk-17.0.2\bin\VCRUNTIME140.dll
0x00007ffbf1000000 - 0x00007ffbf1018000 	C:\Program Files\Java\jdk-17.0.2\bin\jli.dll
0x00007ffc010d0000 - 0x00007ffc01181000 	C:\WINDOWS\System32\ADVAPI32.dll
0x00007ffc02b00000 - 0x00007ffc02ba7000 	C:\WINDOWS\System32\msvcrt.dll
0x00007ffc02900000 - 0x00007ffc029a6000 	C:\WINDOWS\System32\sechost.dll
0x00007ffc02d60000 - 0x00007ffc02e77000 	C:\WINDOWS\System32\RPCRT4.dll
0x00007ffc02120000 - 0x00007ffc022ce000 	C:\WINDOWS\System32\USER32.dll
0x00007ffc00cd0000 - 0x00007ffc00cf6000 	C:\WINDOWS\System32\win32u.dll
0x00007ffc020f0000 - 0x00007ffc02119000 	C:\WINDOWS\System32\GDI32.dll
0x00007ffbe3880000 - 0x00007ffbe3b13000 	C:\WINDOWS\WinSxS\amd64_microsoft.windows.common-controls_6595b64144ccf1df_6.0.22621.2506_none_270c5ae97388e100\COMCTL32.dll
0x00007ffc00bb0000 - 0x00007ffc00cc9000 	C:\WINDOWS\System32\gdi32full.dll
0x00007ffc00e20000 - 0x00007ffc00eba000 	C:\WINDOWS\System32\msvcp_win.dll
0x00007ffbf08a0000 - 0x00007ffbf08aa000 	C:\WINDOWS\SYSTEM32\VERSION.dll
0x00007ffc03250000 - 0x00007ffc03281000 	C:\WINDOWS\System32\IMM32.DLL
0x00007ffbf4d10000 - 0x00007ffbf4d1c000 	C:\Program Files\Java\jdk-17.0.2\bin\vcruntime140_1.dll
0x00007ffbe12c0000 - 0x00007ffbe134d000 	C:\Program Files\Java\jdk-17.0.2\bin\msvcp140.dll
0x00007ffba5870000 - 0x00007ffba6431000 	C:\Program Files\Java\jdk-17.0.2\bin\server\jvm.dll
0x00007ffc01190000 - 0x00007ffc01198000 	C:\WINDOWS\System32\PSAPI.DLL
0x00007ffbf56d0000 - 0x00007ffbf5704000 	C:\WINDOWS\SYSTEM32\WINMM.dll
0x00007ffbe1500000 - 0x00007ffbe1509000 	C:\WINDOWS\SYSTEM32\WSOCK32.dll
0x00007ffc03030000 - 0x00007ffc030a1000 	C:\WINDOWS\System32\WS2_32.dll
0x00007ffbff660000 - 0x00007ffbff678000 	C:\WINDOWS\SYSTEM32\kernel.appcore.dll
0x00007ffbf4c90000 - 0x00007ffbf4c9a000 	C:\Program Files\Java\jdk-17.0.2\bin\jimage.dll
0x00007ffbfde80000 - 0x00007ffbfe0b3000 	C:\WINDOWS\SYSTEM32\DBGHELP.DLL
0x00007ffc022d0000 - 0x00007ffc02659000 	C:\WINDOWS\System32\combase.dll
0x00007ffc03120000 - 0x00007ffc031f7000 	C:\WINDOWS\System32\OLEAUT32.dll
0x00007ffbe2d10000 - 0x00007ffbe2d42000 	C:\WINDOWS\SYSTEM32\dbgcore.DLL
0x00007ffc00780000 - 0x00007ffc007fa000 	C:\WINDOWS\System32\bcryptPrimitives.dll
0x00007ffbf13a0000 - 0x00007ffbf13c5000 	C:\Program Files\Java\jdk-17.0.2\bin\java.dll
0x00007ffbe1350000 - 0x00007ffbe1426000 	C:\Program Files\Java\jdk-17.0.2\bin\jsvml.dll
0x00007ffc013f0000 - 0x00007ffc01c49000 	C:\WINDOWS\System32\SHELL32.dll
0x00007ffbfe5e0000 - 0x00007ffbfeed4000 	C:\WINDOWS\SYSTEM32\windows.storage.dll
0x00007ffbfe4a0000 - 0x00007ffbfe5de000 	C:\WINDOWS\SYSTEM32\wintypes.dll
0x00007ffc02bb0000 - 0x00007ffc02ca3000 	C:\WINDOWS\System32\SHCORE.dll
0x00007ffc02770000 - 0x00007ffc027ce000 	C:\WINDOWS\System32\shlwapi.dll
0x00007ffc005f0000 - 0x00007ffc00616000 	C:\WINDOWS\SYSTEM32\profapi.dll
0x00007ffbf1170000 - 0x00007ffbf1189000 	C:\Program Files\Java\jdk-17.0.2\bin\net.dll
0x00007ffbf91c0000 - 0x00007ffbf92f7000 	C:\WINDOWS\SYSTEM32\WINHTTP.dll
0x00007ffbffb40000 - 0x00007ffbffba9000 	C:\WINDOWS\system32\mswsock.dll
0x00007ffbf1150000 - 0x00007ffbf1166000 	C:\Program Files\Java\jdk-17.0.2\bin\nio.dll
0x00007ffbf1130000 - 0x00007ffbf1148000 	C:\Program Files\Java\jdk-17.0.2\bin\zip.dll
0x00007ffbce490000 - 0x00007ffbce61f000 	C:\Program Files\Java\jdk-17.0.2\bin\awt.dll
0x00007ffbfd570000 - 0x00007ffbfd607000 	C:\WINDOWS\SYSTEM32\apphelp.dll
0x00007ffbfd700000 - 0x00007ffbfd7ab000 	C:\WINDOWS\system32\uxtheme.dll
0x00007ffc029b0000 - 0x00007ffc02aff000 	C:\WINDOWS\System32\MSCTF.dll
0x00007ffc02e80000 - 0x00007ffc03020000 	C:\WINDOWS\System32\ole32.dll
0x00007ffbfd990000 - 0x00007ffbfd9bb000 	C:\WINDOWS\system32\DWMAPI.DLL
0x00007ffbe1230000 - 0x00007ffbe12b9000 	C:\Program Files\Java\jdk-17.0.2\bin\freetype.dll
0x00007ffbd3500000 - 0x00007ffbd35a8000 	C:\Program Files\Java\jdk-17.0.2\bin\fontmanager.dll
0x00007ffbcd5e0000 - 0x00007ffbcd6e0000 	C:\WINDOWS\system32\opengl32.dll
0x00007ffbe3ea0000 - 0x00007ffbe3ecd000 	C:\WINDOWS\SYSTEM32\GLU32.dll
0x00007ffbfd820000 - 0x00007ffbfd856000 	C:\WINDOWS\SYSTEM32\dxcore.dll
0x0000000071100000 - 0x0000000071125000 	C:\Users\nunez\.jssc\windows\jSSC-2.8_x86_64.dll

dbghelp: loaded successfully - version: 4.0.5 - missing functions: none
symbol engine: initialized successfully - sym options: 0x614 - pdb path: .;C:\Program Files\Java\jdk-17.0.2\bin;C:\WINDOWS\SYSTEM32;C:\WINDOWS\WinSxS\amd64_microsoft.windows.common-controls_6595b64144ccf1df_6.0.22621.2506_none_270c5ae97388e100;C:\Program Files\Java\jdk-17.0.2\bin\server;C:\Users\nunez\.jssc\windows

VM Arguments:
jvm_args: -Dfile.encoding=UTF-8 
java_command: interfaxantsc.Interfaz
java_class_path (initial): C:\Users\nunez\Downloads\PanamaHitek_Arduino-3.0.3-javadoc.jar;C:\Users\nunez\Downloads\PanamaHitek_Arduino-3.0.0.jar;C:\Users\nunez\Documents\Manuel\InterfaxAntSC\build\classes
Launcher Type: SUN_STANDARD

[Global flags]
     intx CICompilerCount                          = 4                                         {product} {ergonomic}
     uint ConcGCThreads                            = 2                                         {product} {ergonomic}
     uint G1ConcRefinementThreads                  = 8                                         {product} {ergonomic}
   size_t G1HeapRegionSize                         = 2097152                                   {product} {ergonomic}
    uintx GCDrainStackTargetSize                   = 64                                        {product} {ergonomic}
   size_t InitialHeapSize                          = 197132288                                 {product} {ergonomic}
   size_t MarkStackSize                            = 4194304                                   {product} {ergonomic}
   size_t MaxHeapSize                              = 3149922304                                {product} {ergonomic}
   size_t MaxNewSize                               = 1889533952                                {product} {ergonomic}
   size_t MinHeapDeltaBytes                        = 2097152                                   {product} {ergonomic}
   size_t MinHeapSize                              = 8388608                                   {product} {ergonomic}
    uintx NonNMethodCodeHeapSize                   = 5839372                                {pd product} {ergonomic}
    uintx NonProfiledCodeHeapSize                  = 122909434                              {pd product} {ergonomic}
    uintx ProfiledCodeHeapSize                     = 122909434                              {pd product} {ergonomic}
    uintx ReservedCodeCacheSize                    = 251658240                              {pd product} {ergonomic}
     bool SegmentedCodeCache                       = true                                      {product} {ergonomic}
   size_t SoftMaxHeapSize                          = 3149922304                             {manageable} {ergonomic}
     bool UseCompressedClassPointers               = true                           {product lp64_product} {ergonomic}
     bool UseCompressedOops                        = true                           {product lp64_product} {ergonomic}
     bool UseG1GC                                  = true                                      {product} {ergonomic}
     bool UseLargePagesIndividualAllocation        = false                                  {pd product} {ergonomic}

Logging:
Log output configuration:
 #0: stdout all=warning uptime,level,tags
 #1: stderr all=off uptime,level,tags

Environment Variables:
JAVA_HOME=C:\Program Files (x86)\Java\jdk8u392-b08
PATH=C:\WINDOWS\system32;C:\WINDOWS;C:\WINDOWS\System32\Wbem;C:\WINDOWS\System32\WindowsPowerShell\v1.0\;C:\WINDOWS\System32\OpenSSH\;C:\Program Files\Polyspace\R2021a\runtime\win64;C:\Program Files\Polyspace\R2021a\bin;C:\Program Files\Polyspace\R2021a\polyspace\bin;C:\Program Files (x86)\Microsoft SQL Server\80\Tools\Binn\;C:\Program Files\dotnet\;C:\Program Files (x86)\IVI Foundation\VISA\WinNT\Bin\;C:\Program Files\IVI Foundation\VISA\Win64\Bin\;C:\Program Files (x86)\National Instruments\Shared\LabVIEW CLI;C:\Program Files (x86)\IVI Foundation\IVI\Bin\;C:\Program Files\IVI Foundation\IVI\Bin\;C:\Program Files (x86)\IVI Foundation\VISA\WinNT\Bin;C:\Program Files\Git\cmd;C:\cygwin64\bin\;C:\cygwin64\lib\;C:\Program Files (x86)\Windows Kits\10\Windows Performance Toolkit\;C:\Users\nunez\AppData\Local\Microsoft\WindowsApps;C:\Users\nunez\.dotnet\tools;C:\Users\nunez\AppData\Local\Programs\Microsoft VS Code\bin;C:\AppServ\php7;C:\AppServ\MySQL\bin;C:\intelFPGA_lite\20.1\modelsim_ase\win32aloem;C:\Program Files (x86)\Java\jdk8u392-b08\bin;C:\masm32\bin;C:\msys64;C:\msys64\mingw64\bin;C:\msys64\usr\bin;
USERNAME=nunez
OS=Windows_NT
PROCESSOR_IDENTIFIER=Intel64 Family 6 Model 154 Stepping 4, GenuineIntel



---------------  S Y S T E M  ---------------

OS:
 Windows 11 , 64 bit Build 22621 (10.0.22621.2506)
OS uptime: 1 days 5:35 hours

CPU: total 8 (initial active 8) (8 cores per cpu, 1 threads per core) family 6 model 154 stepping 4 microcode 0x41f, cx8, cmov, fxsr, mmx, 3dnowpref, sse, sse2, sse3, ssse3, sse4.1, sse4.2, popcnt, lzcnt, tsc, tscinvbit, avx, avx2, aes, erms, clmul, bmi1, bmi2, adx, sha, fma, vzeroupper, clflush, clflushopt, clwb

Memory: 4k page, system-wide physical 12012M (1691M free)
TotalPageFile size 17311M (AvailPageFile size 2145M)
current process WorkingSet (physical memory assigned to process): 56M, peak: 56M
current process commit charge ("private bytes"): 287M, peak: 287M

vm_info: Java HotSpot(TM) 64-Bit Server VM (17.0.2+8-LTS-86) for windows-amd64 JRE (17.0.2+8-LTS-86), built on Dec  7 2021 21:51:03 by "mach5one" with MS VC++ 16.8 / 16.9 (VS2019)

END.
