#
# A fatal error has been detected by the Java Runtime Environment:
#
#  EXCEPTION_ACCESS_VIOLATION (0xc0000005) at pc=0x000000007110b5db, pid=4712, tid=0x0000000000001ed0
#
# JRE version: OpenJDK Runtime Environment (8.0_392-b08) (build 1.8.0_392-b08)
# Java VM: OpenJDK 64-Bit Server VM (25.392-b08 mixed mode windows-amd64 compressed oops)
# Problematic frame:
# C  [jSSC-2.8_x86_64.dll+0xb5db]
#
# Failed to write core dump. Minidumps are not enabled by default on client versions of Windows
#
# If you would like to submit a bug report, please visit:
#   https://github.com/adoptium/adoptium-support/issues
# The crash happened outside the Java Virtual Machine in native code.
# See problematic frame for where to report the bug.
#

---------------  T H R E A D  ---------------

Current thread (0x00000167b5fa7000):  JavaThread "main" [_thread_in_native, id=7888, stack(0x0000006522e00000,0x0000006522f00000)]

siginfo: ExceptionCode=0xc0000005, reading address 0xffffffffb6292177

Registers:
RAX=0xffffffffb6292177, RBX=0x0000006522efee20, RCX=0x00007ffc033ef554, RDX=0x0000000000000000
RSP=0x0000006522efedb0, RBP=0x0000006522efef30, RSI=0x00000167b5fa7260, RDI=0x0000000000000464
R8 =0x0000006522efeca8, R9 =0x0000000000000000, R10=0x0000000000000000, R11=0x0000000000000246
R12=0x0000006522efefe8, R13=0x00000167b5faa3d0, R14=0x0000006522efeee0, R15=0x00000167b5fa7000
RIP=0x000000007110b5db, EFLAGS=0x0000000000010202

Top of Stack: (sp=0x0000006522efedb0)
0x0000006522efedb0:   0000000000000000 00000167b5f95be0
0x0000006522efedc0:   000000007110b230 0000000056f93b7d
0x0000006522efedd0:   00000167d0585520 0000000000000004
0x0000006522efede0:   00000167b5fa7260 0000000000000464
0x0000006522efedf0:   0000006522efef30 0000000071112590
0x0000006522efee00:   00000167b5fa7000 0000006522efeee0
0x0000006522efee10:   00000167b5faa3d0 0000006522efefe8
0x0000006522efee20:   00000167b5faa3d0 00007ffc0338ab11
0x0000006522efee30:   00000167b5faa3c0 00000167b5f70000
0x0000006522efee40:   0000006522efef30 0000000000000000
0x0000006522efee50:   0000000071113500 0000000071113be8
0x0000006522efee60:   0000006522efee90 0000000071112641
0x0000006522efee70:   0000006522efee00 00000167b5fa7260
0x0000006522efee80:   0000000000000000 0000000000000000
0x0000006522efee90:   0000006522efef30 0000000071101595
0x0000006522efeea0:   000000000000001c 0000006500000000 

Instructions: (pc=0x000000007110b5db)
0x000000007110b5bb:   c5 0f 1f 40 00 55 57 56 53 48 83 ec 28 48 8b 05
0x000000007110b5cb:   39 33 01 00 48 89 cb 48 85 c0 0f 84 c5 00 00 00
0x000000007110b5db:   8b 38 85 ff 0f 88 ab 00 00 00 48 8b 05 1c 33 01
0x000000007110b5eb:   00 48 85 c0 0f 84 bc 00 00 00 8b 30 85 f6 74 57 


Register to memory mapping:

RAX=0xffffffffb6292177 is an unknown value
RBX=0x0000006522efee20 is pointing into the stack for thread: 0x00000167b5fa7000
RCX=0x00007ffc033ef554 is an unknown value
RDX=0x0000000000000000 is an unknown value
RSP=0x0000006522efedb0 is pointing into the stack for thread: 0x00000167b5fa7000
RBP=0x0000006522efef30 is pointing into the stack for thread: 0x00000167b5fa7000
RSI=0x00000167b5fa7260 is an unknown value
RDI=0x0000000000000464 is an unknown value
R8 =0x0000006522efeca8 is pointing into the stack for thread: 0x00000167b5fa7000
R9 =0x0000000000000000 is an unknown value
R10=0x0000000000000000 is an unknown value
R11=0x0000000000000246 is an unknown value
R12=0x0000006522efefe8 is pointing into the stack for thread: 0x00000167b5fa7000
R13=0x00000167b5faa3d0 is an unknown value
R14=0x0000006522efeee0 is pointing into the stack for thread: 0x00000167b5fa7000
R15=0x00000167b5fa7000 is a thread


Stack: [0x0000006522e00000,0x0000006522f00000],  sp=0x0000006522efedb0,  free space=1019k
Native frames: (J=compiled Java code, j=interpreted, Vv=VM code, C=native code)
C  [jSSC-2.8_x86_64.dll+0xb5db]
C  [jSSC-2.8_x86_64.dll+0x12590]
C  [jSSC-2.8_x86_64.dll+0x1595]
C  0x00000167b7a59c8e

Java frames: (J=compiled Java code, j=interpreted, Vv=VM code)
j  jssc.SerialNativeInterface.openPort(Ljava/lang/String;Z)J+0
j  jssc.SerialPort.openPort()Z+65
j  com.panamahitek.PanamaHitek_Arduino.arduinoRX(Ljava/lang/String;ILjssc/SerialPortEventListener;)V+58
j  Java_Arduino.ArduinoRX.JavaRX.main([Ljava/lang/String;)V+11
v  ~StubRoutines::call_stub

---------------  P R O C E S S  ---------------

Java Threads: ( => current thread )
  0x00000167d04f8800 JavaThread "Service Thread" daemon [_thread_blocked, id=4004, stack(0x0000006524000000,0x0000006524100000)]
  0x00000167cf10c000 JavaThread "C1 CompilerThread3" daemon [_thread_blocked, id=10016, stack(0x0000006523f00000,0x0000006524000000)]
  0x00000167cf10b000 JavaThread "C2 CompilerThread2" daemon [_thread_blocked, id=20956, stack(0x0000006523e00000,0x0000006523f00000)]
  0x00000167cf10a800 JavaThread "C2 CompilerThread1" daemon [_thread_blocked, id=19560, stack(0x0000006523d00000,0x0000006523e00000)]
  0x00000167cf0fc800 JavaThread "C2 CompilerThread0" daemon [_thread_blocked, id=9852, stack(0x0000006523c00000,0x0000006523d00000)]
  0x00000167cf0f1000 JavaThread "Attach Listener" daemon [_thread_blocked, id=14396, stack(0x0000006523b00000,0x0000006523c00000)]
  0x00000167cf0f8800 JavaThread "Signal Dispatcher" daemon [_thread_blocked, id=16056, stack(0x0000006523a00000,0x0000006523b00000)]
  0x00000167cf0cf800 JavaThread "Finalizer" daemon [_thread_blocked, id=608, stack(0x0000006523900000,0x0000006523a00000)]
  0x00000167cf0c9000 JavaThread "Reference Handler" daemon [_thread_blocked, id=8780, stack(0x0000006523800000,0x0000006523900000)]
=>0x00000167b5fa7000 JavaThread "main" [_thread_in_native, id=7888, stack(0x0000006522e00000,0x0000006522f00000)]

Other Threads:
  0x00000167cf0a3800 VMThread [stack: 0x0000006523700000,0x0000006523800000] [id=20832]
  0x00000167d04f9800 WatcherThread [stack: 0x0000006524100000,0x0000006524200000] [id=19068]

VM state:not at safepoint (normal execution)

VM Mutex/Monitor currently owned by a thread: None

heap address: 0x0000000704400000, size: 3004 MB, Compressed Oops mode: Zero based, Oop shift amount: 3
Narrow klass base: 0x0000000000000000, Narrow klass shift: 3
Compressed class space size: 1073741824 Address: 0x00000007c0000000

Heap:
 PSYoungGen      total 56320K, used 1945K [0x0000000781700000, 0x0000000785580000, 0x00000007c0000000)
  eden space 48640K, 4% used [0x0000000781700000,0x00000007818e6688,0x0000000784680000)
  from space 7680K, 0% used [0x0000000784e00000,0x0000000784e00000,0x0000000785580000)
  to   space 7680K, 0% used [0x0000000784680000,0x0000000784680000,0x0000000784e00000)
 ParOldGen       total 128512K, used 0K [0x0000000704400000, 0x000000070c180000, 0x0000000781700000)
  object space 128512K, 0% used [0x0000000704400000,0x0000000704400000,0x000000070c180000)
 Metaspace       used 2969K, capacity 4600K, committed 4864K, reserved 1056768K
  class space    used 315K, capacity 424K, committed 512K, reserved 1048576K

Card table byte_map: [0x00000167c6e00000,0x00000167c73e0000] byte_map_base: 0x00000167c35de000

Marking Bits: (ParMarkBitMap*) 0x0000000057580830
 Begin Bits: [0x00000167c77d0000, 0x00000167ca6c0000)
 End Bits:   [0x00000167ca6c0000, 0x00000167cd5b0000)

Polling page: 0x00000167b6260000

CodeCache: size=245760Kb used=1129Kb max_used=1129Kb free=244631Kb
 bounds [0x00000167b7a40000, 0x00000167b7cb0000, 0x00000167c6a40000]
 total_blobs=281 nmethods=36 adapters=159
 compilation: enabled

Compilation events (10 events):
Event: 0.046 Thread 0x00000167cf10c000   31       3       java.lang.AbstractStringBuilder::append (50 bytes)
Event: 0.046 Thread 0x00000167cf10c000 nmethod 31 0x00000167b7b57d50 code [0x00000167b7b57f20, 0x00000167b7b58680]
Event: 0.046 Thread 0x00000167cf10c000   34       1       java.lang.Object::<init> (1 bytes)
Event: 0.046 Thread 0x00000167cf10c000 nmethod 34 0x00000167b7b58990 code [0x00000167b7b58ae0, 0x00000167b7b58bf8]
Event: 0.046 Thread 0x00000167cf10c000   33       3       java.lang.String::<init> (82 bytes)
Event: 0.046 Thread 0x00000167cf10c000 nmethod 33 0x00000167b7b59090 code [0x00000167b7b59260, 0x00000167b7b59760]
Event: 0.046 Thread 0x00000167cf10c000   35       3       java.util.concurrent.ConcurrentHashMap::tabAt (21 bytes)
Event: 0.047 Thread 0x00000167cf10c000 nmethod 35 0x00000167b7b599d0 code [0x00000167b7b59b20, 0x00000167b7b59d58]
Event: 0.047 Thread 0x00000167cf10c000   32       3       java.lang.String::startsWith (7 bytes)
Event: 0.047 Thread 0x00000167cf10c000 nmethod 32 0x00000167b7b5a010 code [0x00000167b7b5a180, 0x00000167b7b5a390]

GC Heap History (0 events):
No events

Deoptimization events (0 events):
No events

Classes redefined (0 events):
No events

Internal exceptions (2 events):
Event: 0.015 Thread 0x00000167b5fa7000 Exception <a 'java/lang/NoSuchMethodError': Method sun.misc.Unsafe.defineClass(Ljava/lang/String;[BII)Ljava/lang/Class; name or signature does not match> (0x0000000781707cd8) thrown at [C:\workspace\openjdk-build\workspace\build\src\hotspot\src\share\vm\p
Event: 0.016 Thread 0x00000167b5fa7000 Exception <a 'java/lang/NoSuchMethodError': Method sun.misc.Unsafe.prefetchRead(Ljava/lang/Object;J)V name or signature does not match> (0x0000000781707fc0) thrown at [C:\workspace\openjdk-build\workspace\build\src\hotspot\src\share\vm\prims\jni.cpp, line

Events (10 events):
Event: 0.046 loading class jssc/SerialPort$EventThread
Event: 0.046 loading class jssc/SerialPort$EventThread done
Event: 0.046 loading class jssc/SerialPort$LinuxEventThread
Event: 0.046 loading class jssc/SerialPort$LinuxEventThread done
Event: 0.046 loading class jssc/SerialPortTimeoutException
Event: 0.046 loading class jssc/SerialPortTimeoutException done
Event: 0.046 loading class jssc/SerialNativeInterface
Event: 0.046 loading class jssc/SerialNativeInterface done
Event: 0.047 loading class java/io/IOException
Event: 0.047 loading class java/io/IOException done


Dynamic libraries:
0x00007ff7eb2e0000 - 0x00007ff7eb331000 	C:\Program Files\Java\jdk8u392-b08\bin\java.exe
0x00007ffc03350000 - 0x00007ffc03567000 	C:\WINDOWS\SYSTEM32\ntdll.dll
0x00007ffc027d0000 - 0x00007ffc02894000 	C:\WINDOWS\System32\KERNEL32.DLL
0x00007ffc00800000 - 0x00007ffc00ba5000 	C:\WINDOWS\System32\KERNELBASE.dll
0x00007ffc010d0000 - 0x00007ffc01181000 	C:\WINDOWS\System32\ADVAPI32.dll
0x00007ffc02b00000 - 0x00007ffc02ba7000 	C:\WINDOWS\System32\msvcrt.dll
0x00007ffc02900000 - 0x00007ffc029a6000 	C:\WINDOWS\System32\sechost.dll
0x00007ffc02d60000 - 0x00007ffc02e77000 	C:\WINDOWS\System32\RPCRT4.dll
0x00007ffc02120000 - 0x00007ffc022ce000 	C:\WINDOWS\System32\USER32.dll
0x00007ffc00cd0000 - 0x00007ffc00cf6000 	C:\WINDOWS\System32\win32u.dll
0x00007ffc020f0000 - 0x00007ffc02119000 	C:\WINDOWS\System32\GDI32.dll
0x00007ffc00bb0000 - 0x00007ffc00cc9000 	C:\WINDOWS\System32\gdi32full.dll
0x00007ffc00e20000 - 0x00007ffc00eba000 	C:\WINDOWS\System32\msvcp_win.dll
0x00007ffc00d00000 - 0x00007ffc00e11000 	C:\WINDOWS\System32\ucrtbase.dll
0x00007ffbe3880000 - 0x00007ffbe3b13000 	C:\WINDOWS\WinSxS\amd64_microsoft.windows.common-controls_6595b64144ccf1df_6.0.22621.2506_none_270c5ae97388e100\COMCTL32.dll
0x00007ffc03250000 - 0x00007ffc03281000 	C:\WINDOWS\System32\IMM32.DLL
0x00007ffbf0fc0000 - 0x00007ffbf0fd5000 	C:\Program Files\Java\jdk8u392-b08\jre\bin\vcruntime140.dll
0x00007ffbb7b00000 - 0x00007ffbb7b9b000 	C:\Program Files\Java\jdk8u392-b08\jre\bin\msvcp140.dll
0x0000000056da0000 - 0x00000000575f9000 	C:\Program Files\Java\jdk8u392-b08\jre\bin\server\jvm.dll
0x00007ffc01190000 - 0x00007ffc01198000 	C:\WINDOWS\System32\PSAPI.DLL
0x00007ffbe1500000 - 0x00007ffbe1509000 	C:\WINDOWS\SYSTEM32\WSOCK32.dll
0x00007ffc03030000 - 0x00007ffc030a1000 	C:\WINDOWS\System32\WS2_32.dll
0x00007ffbf56d0000 - 0x00007ffbf5704000 	C:\WINDOWS\SYSTEM32\WINMM.dll
0x00007ffbf08a0000 - 0x00007ffbf08aa000 	C:\WINDOWS\SYSTEM32\VERSION.dll
0x00007ffbff660000 - 0x00007ffbff678000 	C:\WINDOWS\SYSTEM32\kernel.appcore.dll
0x00007ffbf1310000 - 0x00007ffbf1320000 	C:\Program Files\Java\jdk8u392-b08\jre\bin\verify.dll
0x00007ffbf0c00000 - 0x00007ffbf0c2b000 	C:\Program Files\Java\jdk8u392-b08\jre\bin\java.dll
0x00007ffbf0be0000 - 0x00007ffbf0bf8000 	C:\Program Files\Java\jdk8u392-b08\jre\bin\zip.dll
0x00007ffc013f0000 - 0x00007ffc01c49000 	C:\WINDOWS\System32\SHELL32.dll
0x00007ffbfe5e0000 - 0x00007ffbfeed4000 	C:\WINDOWS\SYSTEM32\windows.storage.dll
0x00007ffc022d0000 - 0x00007ffc02659000 	C:\WINDOWS\System32\combase.dll
0x00007ffbfe4a0000 - 0x00007ffbfe5de000 	C:\WINDOWS\SYSTEM32\wintypes.dll
0x00007ffc02bb0000 - 0x00007ffc02ca3000 	C:\WINDOWS\System32\SHCORE.dll
0x00007ffc02770000 - 0x00007ffc027ce000 	C:\WINDOWS\System32\shlwapi.dll
0x00007ffc005f0000 - 0x00007ffc00616000 	C:\WINDOWS\SYSTEM32\profapi.dll
0x0000000071100000 - 0x0000000071125000 	C:\Users\nunez\.jssc\windows\jSSC-2.8_x86_64.dll
0x00007ffbfde80000 - 0x00007ffbfe0b3000 	C:\WINDOWS\SYSTEM32\dbghelp.dll
0x00007ffc03120000 - 0x00007ffc031f7000 	C:\WINDOWS\System32\OLEAUT32.dll
0x00007ffc00780000 - 0x00007ffc007fa000 	C:\WINDOWS\System32\bcryptPrimitives.dll

VM Arguments:
jvm_args: -Dfile.encoding=UTF-8 
java_command: Java_Arduino.ArduinoRX.JavaRX
java_class_path (initial): C:\Users\nunez\Downloads\PanamaHitek_Arduino-3.0.3-javadoc.jar;C:\Users\nunez\Downloads\PanamaHitek_Arduino-3.0.0.jar;C:\Users\nunez\Documents\Manuel\InterfaxAntSC\build\classes
Launcher Type: SUN_STANDARD

Environment Variables:
JAVA_HOME=C:\Program Files (x86)\Java\jdk8u392-b08
PATH=C:\WINDOWS\system32;C:\WINDOWS;C:\WINDOWS\System32\Wbem;C:\WINDOWS\System32\WindowsPowerShell\v1.0\;C:\WINDOWS\System32\OpenSSH\;C:\Program Files\Polyspace\R2021a\runtime\win64;C:\Program Files\Polyspace\R2021a\bin;C:\Program Files\Polyspace\R2021a\polyspace\bin;C:\Program Files (x86)\Microsoft SQL Server\80\Tools\Binn\;C:\Program Files\dotnet\;C:\Program Files (x86)\IVI Foundation\VISA\WinNT\Bin\;C:\Program Files\IVI Foundation\VISA\Win64\Bin\;C:\Program Files (x86)\National Instruments\Shared\LabVIEW CLI;C:\Program Files (x86)\IVI Foundation\IVI\Bin\;C:\Program Files\IVI Foundation\IVI\Bin\;C:\Program Files (x86)\IVI Foundation\VISA\WinNT\Bin;C:\Program Files\Git\cmd;C:\cygwin64\bin\;C:\cygwin64\lib\;C:\Program Files (x86)\Windows Kits\10\Windows Performance Toolkit\;C:\Users\nunez\AppData\Local\Microsoft\WindowsApps;C:\Users\nunez\.dotnet\tools;C:\Users\nunez\AppData\Local\Programs\Microsoft VS Code\bin;C:\AppServ\php7;C:\AppServ\MySQL\bin;C:\intelFPGA_lite\20.1\modelsim_ase\win32aloem;C:\Program Files (x86)\Java\jdk8u392-b08\bin;C:\masm32\bin;C:\msys64;C:\msys64\mingw64\bin;C:\msys64\usr\bin;
USERNAME=nunez
OS=Windows_NT
PROCESSOR_IDENTIFIER=Intel64 Family 6 Model 154 Stepping 4, GenuineIntel



---------------  S Y S T E M  ---------------

OS: Windows 11 , 64 bit Build 22621 (10.0.22621.2506)

CPU:total 8 (initial active 8) (4 cores per cpu, 2 threads per core) family 6 model 154 stepping 4, cmov, cx8, fxsr, mmx, sse, sse2, sse3, ssse3, sse4.1, sse4.2, popcnt, avx, avx2, aes, clmul, erms, 3dnowpref, lzcnt, ht, tsc, tscinvbit, bmi1, bmi2, adx

Memory: 4k page, physical 12300792k(1710956k free), swap 17727172k(2099208k free)

vm_info: OpenJDK 64-Bit Server VM (25.392-b08) for windows-amd64 JRE (1.8.0_392-b08), built on Oct 18 2023 01:02:03 by "jenkins" with MS VC++ 15.9 (VS2017)

time: Sun Nov 26 19:22:23 2023
timezone: Hora estándar Pacífico (México)
elapsed time: 0.055758 seconds (0d 0h 0m 0s)

