#
# A fatal error has been detected by the Java Runtime Environment:
#
#  EXCEPTION_ACCESS_VIOLATION (0xc0000005) at pc=0x000000007110b5db, pid=20096, tid=0x00000000000030ec
#
# JRE version: OpenJDK Runtime Environment (8.0_392-b08) (build 1.8.0_392-b08)
# Java VM: OpenJDK 64-Bit Server VM (25.392-b08 mixed mode windows-amd64 compressed oops)
# Problematic frame:
# C  [jSSC-2.8_x86_64.dll+0xb5db]
#
# Failed to write core dump. Minidumps are not enabled by default on client versions of Windows
#
# If you would like to submit a bug report, please visit:
#   https://github.com/adoptium/adoptium-support/issues
# The crash happened outside the Java Virtual Machine in native code.
# See problematic frame for where to report the bug.
#

---------------  T H R E A D  ---------------

Current thread (0x000002dcf184b000):  JavaThread "AWT-EventQueue-0" [_thread_in_native, id=12524, stack(0x000000e86cc00000,0x000000e86cd00000)]

siginfo: ExceptionCode=0xc0000005, reading address 0xffffffffd70a22fc

Registers:
RAX=0xffffffffd70a22fc, RBX=0x000000e86ccfd920, RCX=0x00007ffc033ef554, RDX=0x0000000000000000
RSP=0x000000e86ccfd8b0, RBP=0x000000e86ccfda30, RSI=0x000002dcf184b260, RDI=0x000000000000054c
R8 =0x000000e86ccfd7a8, R9 =0x0000000000000000, R10=0x0000000000000000, R11=0x0000000000000246
R12=0x000000e86ccfdae0, R13=0x000002dcf2038a90, R14=0x000000e86ccfd9e0, R15=0x000002dcf184b000
RIP=0x000000007110b5db, EFLAGS=0x0000000000010202

Top of Stack: (sp=0x000000e86ccfd8b0)
0x000000e86ccfd8b0:   0000000000000000 000002dcf184aa30
0x000000e86ccfd8c0:   000000007110b230 0000000056f93b7d
0x000000e86ccfd8d0:   000002dcf2046d10 0000000000000004
0x000000e86ccfd8e0:   000002dcf184b260 000000000000054c
0x000000e86ccfd8f0:   000000e86ccfda30 0000000071112590
0x000000e86ccfd900:   000002dcf184b000 000000e86ccfd9e0
0x000000e86ccfd910:   000002dcf2038a90 000000e86ccfdae0
0x000000e86ccfd920:   000002dcf2038a90 00007ffc0338ab11
0x000000e86ccfd930:   000002dcf2038a80 000002dcd70b0000
0x000000e86ccfd940:   000000e86ccfda30 0000000000000000
0x000000e86ccfd950:   0000000071113500 0000000071113be8
0x000000e86ccfd960:   000000e86ccfd990 0000000071112641
0x000000e86ccfd970:   000000e86ccfd900 000002dcf184b260
0x000000e86ccfd980:   0000000000000000 0000000000000000
0x000000e86ccfd990:   000000e86ccfda30 0000000071101595
0x000000e86ccfd9a0:   000000000000001c 000000e800000000 

Instructions: (pc=0x000000007110b5db)
0x000000007110b5bb:   c5 0f 1f 40 00 55 57 56 53 48 83 ec 28 48 8b 05
0x000000007110b5cb:   39 33 01 00 48 89 cb 48 85 c0 0f 84 c5 00 00 00
0x000000007110b5db:   8b 38 85 ff 0f 88 ab 00 00 00 48 8b 05 1c 33 01
0x000000007110b5eb:   00 48 85 c0 0f 84 bc 00 00 00 8b 30 85 f6 74 57 


Register to memory mapping:

RAX=0xffffffffd70a22fc is an unknown value
RBX=0x000000e86ccfd920 is pointing into the stack for thread: 0x000002dcf184b000
RCX=0x00007ffc033ef554 is an unknown value
RDX=0x0000000000000000 is an unknown value
RSP=0x000000e86ccfd8b0 is pointing into the stack for thread: 0x000002dcf184b000
RBP=0x000000e86ccfda30 is pointing into the stack for thread: 0x000002dcf184b000
RSI=0x000002dcf184b260 is an unknown value
RDI=0x000000000000054c is an unknown value
R8 =0x000000e86ccfd7a8 is pointing into the stack for thread: 0x000002dcf184b000
R9 =0x0000000000000000 is an unknown value
R10=0x0000000000000000 is an unknown value
R11=0x0000000000000246 is an unknown value
R12=0x000000e86ccfdae0 is pointing into the stack for thread: 0x000002dcf184b000
R13=0x000002dcf2038a90 is an unknown value
R14=0x000000e86ccfd9e0 is pointing into the stack for thread: 0x000002dcf184b000
R15=0x000002dcf184b000 is a thread


Stack: [0x000000e86cc00000,0x000000e86cd00000],  sp=0x000000e86ccfd8b0,  free space=1014k
Native frames: (J=compiled Java code, j=interpreted, Vv=VM code, C=native code)
C  [jSSC-2.8_x86_64.dll+0xb5db]
C  [jSSC-2.8_x86_64.dll+0x12590]
C  [jSSC-2.8_x86_64.dll+0x1595]
C  0x000002dcd89d9c8e

Java frames: (J=compiled Java code, j=interpreted, Vv=VM code)
j  jssc.SerialNativeInterface.openPort(Ljava/lang/String;Z)J+0
j  jssc.SerialPort.openPort()Z+65
j  com.panamahitek.PanamaHitek_Arduino.arduinoRX(Ljava/lang/String;ILjssc/SerialPortEventListener;)V+58
j  interfaxantsc.Interfaz.<init>()V+96
j  interfaxantsc.Interfaz$2.run()V+4
j  java.awt.event.InvocationEvent.dispatch()V+47
j  java.awt.EventQueue.dispatchEventImpl(Ljava/awt/AWTEvent;Ljava/lang/Object;)V+21
j  java.awt.EventQueue.access$500(Ljava/awt/EventQueue;Ljava/awt/AWTEvent;Ljava/lang/Object;)V+3
j  java.awt.EventQueue$3.run()Ljava/lang/Void;+32
j  java.awt.EventQueue$3.run()Ljava/lang/Object;+1
v  ~StubRoutines::call_stub
j  java.security.AccessController.doPrivileged(Ljava/security/PrivilegedAction;Ljava/security/AccessControlContext;)Ljava/lang/Object;+0
j  java.security.ProtectionDomain$JavaSecurityAccessImpl.doIntersectionPrivilege(Ljava/security/PrivilegedAction;Ljava/security/AccessControlContext;Ljava/security/AccessControlContext;)Ljava/lang/Object;+18
j  java.awt.EventQueue.dispatchEvent(Ljava/awt/AWTEvent;)V+46
j  java.awt.EventDispatchThread.pumpOneEventForFilters(I)V+140
j  java.awt.EventDispatchThread.pumpEventsForFilter(ILjava/awt/Conditional;Ljava/awt/EventFilter;)V+35
j  java.awt.EventDispatchThread.pumpEventsForHierarchy(ILjava/awt/Conditional;Ljava/awt/Component;)V+11
j  java.awt.EventDispatchThread.pumpEvents(ILjava/awt/Conditional;)V+4
j  java.awt.EventDispatchThread.pumpEvents(Ljava/awt/Conditional;)V+3
j  java.awt.EventDispatchThread.run()V+9
v  ~StubRoutines::call_stub

---------------  P R O C E S S  ---------------

Java Threads: ( => current thread )
  0x000002dcd70e5800 JavaThread "DestroyJavaVM" [_thread_blocked, id=8120, stack(0x000000e86b500000,0x000000e86b600000)]
=>0x000002dcf184b000 JavaThread "AWT-EventQueue-0" [_thread_in_native, id=12524, stack(0x000000e86cc00000,0x000000e86cd00000)]
  0x000002dcf17db000 JavaThread "AWT-Windows" daemon [_thread_in_native, id=1568, stack(0x000000e86cb00000,0x000000e86cc00000)]
  0x000002dcf17da000 JavaThread "AWT-Shutdown" [_thread_blocked, id=11864, stack(0x000000e86ca00000,0x000000e86cb00000)]
  0x000002dcf17d7800 JavaThread "Java2D Disposer" daemon [_thread_blocked, id=16440, stack(0x000000e86c900000,0x000000e86ca00000)]
  0x000002dcf1480800 JavaThread "Service Thread" daemon [_thread_blocked, id=3984, stack(0x000000e86c700000,0x000000e86c800000)]
  0x000002dcf0088800 JavaThread "C1 CompilerThread3" daemon [_thread_blocked, id=16344, stack(0x000000e86c600000,0x000000e86c700000)]
  0x000002dcf0087800 JavaThread "C2 CompilerThread2" daemon [_thread_blocked, id=11232, stack(0x000000e86c500000,0x000000e86c600000)]
  0x000002dcf0085800 JavaThread "C2 CompilerThread1" daemon [_thread_blocked, id=6208, stack(0x000000e86c400000,0x000000e86c500000)]
  0x000002dcf0080000 JavaThread "C2 CompilerThread0" daemon [_thread_blocked, id=16252, stack(0x000000e86c300000,0x000000e86c400000)]
  0x000002dcf0075800 JavaThread "Attach Listener" daemon [_thread_blocked, id=9868, stack(0x000000e86c200000,0x000000e86c300000)]
  0x000002dcf0074800 JavaThread "Signal Dispatcher" daemon [_thread_blocked, id=14540, stack(0x000000e86c100000,0x000000e86c200000)]
  0x000002dcf0050800 JavaThread "Finalizer" daemon [_thread_blocked, id=8628, stack(0x000000e86c000000,0x000000e86c100000)]
  0x000002dcf0049800 JavaThread "Reference Handler" daemon [_thread_blocked, id=8308, stack(0x000000e86bf00000,0x000000e86c000000)]

Other Threads:
  0x000002dcef44d800 VMThread [stack: 0x000000e86be00000,0x000000e86bf00000] [id=19616]
  0x000002dcf00fd000 WatcherThread [stack: 0x000000e86c800000,0x000000e86c900000] [id=16964]

VM state:not at safepoint (normal execution)

VM Mutex/Monitor currently owned by a thread: None

heap address: 0x0000000704400000, size: 3004 MB, Compressed Oops mode: Zero based, Oop shift amount: 3
Narrow klass base: 0x0000000000000000, Narrow klass shift: 3
Compressed class space size: 1073741824 Address: 0x00000007c0000000

Heap:
 PSYoungGen      total 56320K, used 8760K [0x0000000781700000, 0x0000000785580000, 0x00000007c0000000)
  eden space 48640K, 18% used [0x0000000781700000,0x0000000781f8e310,0x0000000784680000)
  from space 7680K, 0% used [0x0000000784e00000,0x0000000784e00000,0x0000000785580000)
  to   space 7680K, 0% used [0x0000000784680000,0x0000000784680000,0x0000000784e00000)
 ParOldGen       total 128512K, used 0K [0x0000000704400000, 0x000000070c180000, 0x0000000781700000)
  object space 128512K, 0% used [0x0000000704400000,0x0000000704400000,0x000000070c180000)
 Metaspace       used 10490K, capacity 10650K, committed 11008K, reserved 1058816K
  class space    used 1322K, capacity 1415K, committed 1536K, reserved 1048576K

Card table byte_map: [0x000002dce7d80000,0x000002dce8360000] byte_map_base: 0x000002dce455e000

Marking Bits: (ParMarkBitMap*) 0x0000000057580830
 Begin Bits: [0x000002dce8750000, 0x000002dceb640000)
 End Bits:   [0x000002dceb640000, 0x000002dcee530000)

Polling page: 0x000002dcd8990000

CodeCache: size=245760Kb used=1925Kb max_used=1925Kb free=243834Kb
 bounds [0x000002dcd89c0000, 0x000002dcd8c30000, 0x000002dce79c0000]
 total_blobs=851 nmethods=398 adapters=366
 compilation: enabled

Compilation events (10 events):
Event: 0.185 Thread 0x000002dcf0088800  394       3       java.lang.invoke.MethodType::toMethodDescriptorString (21 bytes)
Event: 0.185 Thread 0x000002dcf0088800 nmethod 394 0x000002dcd8b9b410 code [0x000002dcd8b9b620, 0x000002dcd8b9c140]
Event: 0.185 Thread 0x000002dcf0088800  395       3       java.lang.String::indexOf (7 bytes)
Event: 0.185 Thread 0x000002dcf0088800 nmethod 395 0x000002dcd8b9c890 code [0x000002dcd8b9ca00, 0x000002dcd8b9cc90]
Event: 0.185 Thread 0x000002dcf0088800  396       3       java.lang.String::toCharArray (25 bytes)
Event: 0.185 Thread 0x000002dcf0088800 nmethod 396 0x000002dcd8b9ce10 code [0x000002dcd8b9cf80, 0x000002dcd8b9d210]
Event: 0.185 Thread 0x000002dcf0088800  397       1       java.net.URL::getFile (5 bytes)
Event: 0.185 Thread 0x000002dcf0088800 nmethod 397 0x000002dcd8b9d2d0 code [0x000002dcd8b9d420, 0x000002dcd8b9d538]
Event: 0.186 Thread 0x000002dcf0088800  398  s!   3       sun.misc.URLClassPath::getLoader (243 bytes)
Event: 0.187 Thread 0x000002dcf0088800 nmethod 398 0x000002dcd8b9d590 code [0x000002dcd8b9d960, 0x000002dcd8ba03d0]

GC Heap History (0 events):
No events

Deoptimization events (0 events):
No events

Classes redefined (0 events):
No events

Internal exceptions (10 events):
Event: 0.131 Thread 0x000002dcd70e5800 Exception <a 'java/lang/ClassNotFoundException': ToolBar> (0x0000000781acd428) thrown at [C:\workspace\openjdk-build\workspace\build\src\hotspot\src\share\vm\classfile\systemDictionary.cpp, line 217]
Event: 0.131 Thread 0x000002dcd70e5800 Exception <a 'java/lang/ClassNotFoundException': ToggleButton> (0x0000000781acd9d8) thrown at [C:\workspace\openjdk-build\workspace\build\src\hotspot\src\share\vm\classfile\systemDictionary.cpp, line 217]
Event: 0.131 Thread 0x000002dcd70e5800 Exception <a 'java/lang/ClassNotFoundException': javax/swing/JToolBarSeparator> (0x0000000781bc11b8) thrown at [C:\workspace\openjdk-build\workspace\build\src\hotspot\src\share\vm\classfile\systemDictionary.cpp, line 217]
Event: 0.131 Thread 0x000002dcd70e5800 Exception <a 'java/lang/ClassNotFoundException': ToolBarSeparator> (0x0000000781bc1650) thrown at [C:\workspace\openjdk-build\workspace\build\src\hotspot\src\share\vm\classfile\systemDictionary.cpp, line 217]
Event: 0.131 Thread 0x000002dcd70e5800 Exception <a 'java/lang/ClassNotFoundException': ToolTip> (0x0000000781bc1d90) thrown at [C:\workspace\openjdk-build\workspace\build\src\hotspot\src\share\vm\classfile\systemDictionary.cpp, line 217]
Event: 0.131 Thread 0x000002dcd70e5800 Exception <a 'java/lang/ClassNotFoundException': Tree> (0x0000000781bc29b0) thrown at [C:\workspace\openjdk-build\workspace\build\src\hotspot\src\share\vm\classfile\systemDictionary.cpp, line 217]
Event: 0.131 Thread 0x000002dcd70e5800 Exception <a 'java/lang/ClassNotFoundException': Tree> (0x0000000781bc30f0) thrown at [C:\workspace\openjdk-build\workspace\build\src\hotspot\src\share\vm\classfile\systemDictionary.cpp, line 217]
Event: 0.131 Thread 0x000002dcd70e5800 Exception <a 'java/lang/ClassNotFoundException': javax/swing/JTreeCell> (0x0000000781bc3470) thrown at [C:\workspace\openjdk-build\workspace\build\src\hotspot\src\share\vm\classfile\systemDictionary.cpp, line 217]
Event: 0.131 Thread 0x000002dcd70e5800 Exception <a 'java/lang/ClassNotFoundException': TreeCell> (0x0000000781bc38f8) thrown at [C:\workspace\openjdk-build\workspace\build\src\hotspot\src\share\vm\classfile\systemDictionary.cpp, line 217]
Event: 0.131 Thread 0x000002dcd70e5800 Exception <a 'java/lang/ClassNotFoundException': RootPane> (0x0000000781bc4358) thrown at [C:\workspace\openjdk-build\workspace\build\src\hotspot\src\share\vm\classfile\systemDictionary.cpp, line 217]

Events (10 events):
Event: 0.185 loading class jssc/SerialPort
Event: 0.185 loading class jssc/SerialPort done
Event: 0.186 loading class java/lang/SecurityException
Event: 0.186 loading class java/lang/SecurityException done
Event: 0.186 loading class jssc/SerialPortTimeoutException
Event: 0.186 loading class jssc/SerialPortTimeoutException done
Event: 0.187 loading class jssc/SerialPort$EventThread
Event: 0.187 loading class jssc/SerialPort$EventThread done
Event: 0.187 loading class jssc/SerialPort$LinuxEventThread
Event: 0.187 loading class jssc/SerialPort$LinuxEventThread done


Dynamic libraries:
0x00007ff7eb2e0000 - 0x00007ff7eb331000 	C:\Program Files\Java\jdk8u392-b08\bin\java.exe
0x00007ffc03350000 - 0x00007ffc03567000 	C:\WINDOWS\SYSTEM32\ntdll.dll
0x00007ffc027d0000 - 0x00007ffc02894000 	C:\WINDOWS\System32\KERNEL32.DLL
0x00007ffc00800000 - 0x00007ffc00ba5000 	C:\WINDOWS\System32\KERNELBASE.dll
0x00007ffc010d0000 - 0x00007ffc01181000 	C:\WINDOWS\System32\ADVAPI32.dll
0x00007ffc02b00000 - 0x00007ffc02ba7000 	C:\WINDOWS\System32\msvcrt.dll
0x00007ffc02900000 - 0x00007ffc029a6000 	C:\WINDOWS\System32\sechost.dll
0x00007ffc02d60000 - 0x00007ffc02e77000 	C:\WINDOWS\System32\RPCRT4.dll
0x00007ffc02120000 - 0x00007ffc022ce000 	C:\WINDOWS\System32\USER32.dll
0x00007ffc00cd0000 - 0x00007ffc00cf6000 	C:\WINDOWS\System32\win32u.dll
0x00007ffc020f0000 - 0x00007ffc02119000 	C:\WINDOWS\System32\GDI32.dll
0x00007ffc00bb0000 - 0x00007ffc00cc9000 	C:\WINDOWS\System32\gdi32full.dll
0x00007ffc00e20000 - 0x00007ffc00eba000 	C:\WINDOWS\System32\msvcp_win.dll
0x00007ffc00d00000 - 0x00007ffc00e11000 	C:\WINDOWS\System32\ucrtbase.dll
0x00007ffbe3880000 - 0x00007ffbe3b13000 	C:\WINDOWS\WinSxS\amd64_microsoft.windows.common-controls_6595b64144ccf1df_6.0.22621.2506_none_270c5ae97388e100\COMCTL32.dll
0x00007ffc03250000 - 0x00007ffc03281000 	C:\WINDOWS\System32\IMM32.DLL
0x00007ffbf0fc0000 - 0x00007ffbf0fd5000 	C:\Program Files\Java\jdk8u392-b08\jre\bin\vcruntime140.dll
0x00007ffbb79a0000 - 0x00007ffbb7a3b000 	C:\Program Files\Java\jdk8u392-b08\jre\bin\msvcp140.dll
0x0000000056da0000 - 0x00000000575f9000 	C:\Program Files\Java\jdk8u392-b08\jre\bin\server\jvm.dll
0x00007ffc01190000 - 0x00007ffc01198000 	C:\WINDOWS\System32\PSAPI.DLL
0x00007ffbf08a0000 - 0x00007ffbf08aa000 	C:\WINDOWS\SYSTEM32\VERSION.dll
0x00007ffbe1500000 - 0x00007ffbe1509000 	C:\WINDOWS\SYSTEM32\WSOCK32.dll
0x00007ffc03030000 - 0x00007ffc030a1000 	C:\WINDOWS\System32\WS2_32.dll
0x00007ffbf56d0000 - 0x00007ffbf5704000 	C:\WINDOWS\SYSTEM32\WINMM.dll
0x00007ffbff660000 - 0x00007ffbff678000 	C:\WINDOWS\SYSTEM32\kernel.appcore.dll
0x00007ffbf1310000 - 0x00007ffbf1320000 	C:\Program Files\Java\jdk8u392-b08\jre\bin\verify.dll
0x00007ffbf0c00000 - 0x00007ffbf0c2b000 	C:\Program Files\Java\jdk8u392-b08\jre\bin\java.dll
0x00007ffbf0be0000 - 0x00007ffbf0bf8000 	C:\Program Files\Java\jdk8u392-b08\jre\bin\zip.dll
0x00007ffc013f0000 - 0x00007ffc01c49000 	C:\WINDOWS\System32\SHELL32.dll
0x00007ffbfe5e0000 - 0x00007ffbfeed4000 	C:\WINDOWS\SYSTEM32\windows.storage.dll
0x00007ffc022d0000 - 0x00007ffc02659000 	C:\WINDOWS\System32\combase.dll
0x00007ffbfe4a0000 - 0x00007ffbfe5de000 	C:\WINDOWS\SYSTEM32\wintypes.dll
0x00007ffc02bb0000 - 0x00007ffc02ca3000 	C:\WINDOWS\System32\SHCORE.dll
0x00007ffc02770000 - 0x00007ffc027ce000 	C:\WINDOWS\System32\shlwapi.dll
0x00007ffc005f0000 - 0x00007ffc00616000 	C:\WINDOWS\SYSTEM32\profapi.dll
0x00007ffbaef80000 - 0x00007ffbaf114000 	C:\Program Files\Java\jdk8u392-b08\jre\bin\awt.dll
0x00007ffc03120000 - 0x00007ffc031f7000 	C:\WINDOWS\System32\OLEAUT32.dll
0x00007ffbfd570000 - 0x00007ffbfd607000 	C:\WINDOWS\SYSTEM32\apphelp.dll
0x00007ffbfd700000 - 0x00007ffbfd7ab000 	C:\WINDOWS\system32\uxtheme.dll
0x00007ffc029b0000 - 0x00007ffc02aff000 	C:\WINDOWS\System32\MSCTF.dll
0x00007ffc02e80000 - 0x00007ffc03020000 	C:\WINDOWS\System32\ole32.dll
0x00007ffc00780000 - 0x00007ffc007fa000 	C:\WINDOWS\System32\bcryptPrimitives.dll
0x00007ffbfd990000 - 0x00007ffbfd9bb000 	C:\WINDOWS\system32\DWMAPI.DLL
0x00007ffbaf5b0000 - 0x00007ffbaf6fd000 	C:\Program Files\Java\jdk8u392-b08\jre\bin\freetype.dll
0x00007ffba94b0000 - 0x00007ffba9581000 	C:\Program Files\Java\jdk8u392-b08\jre\bin\fontmanager.dll
0x00007ffbcd5e0000 - 0x00007ffbcd6e0000 	C:\WINDOWS\system32\opengl32.dll
0x00007ffbe3ea0000 - 0x00007ffbe3ecd000 	C:\WINDOWS\SYSTEM32\GLU32.dll
0x00007ffbfd820000 - 0x00007ffbfd856000 	C:\WINDOWS\SYSTEM32\dxcore.dll
0x00007ffbf0bc0000 - 0x00007ffbf0bdc000 	C:\Program Files\Java\jdk8u392-b08\jre\bin\net.dll
0x00007ffbffb40000 - 0x00007ffbffba9000 	C:\WINDOWS\system32\mswsock.dll
0x00007ffbe92e0000 - 0x00007ffbe92f3000 	C:\Program Files\Java\jdk8u392-b08\jre\bin\nio.dll
0x0000000071100000 - 0x0000000071125000 	C:\Users\nunez\.jssc\windows\jSSC-2.8_x86_64.dll
0x00007ffbfde80000 - 0x00007ffbfe0b3000 	C:\WINDOWS\SYSTEM32\dbghelp.dll

VM Arguments:
jvm_args: -Dfile.encoding=UTF-8 
java_command: interfaxantsc.Interfaz
java_class_path (initial): C:\Users\nunez\Downloads\PanamaHitek_Arduino-3.0.3-javadoc.jar;C:\Users\nunez\Downloads\PanamaHitek_Arduino-3.0.0.jar;C:\Users\nunez\Documents\Manuel\InterfaxAntSC\build\classes
Launcher Type: SUN_STANDARD

Environment Variables:
JAVA_HOME=C:\Program Files (x86)\Java\jdk8u392-b08
PATH=C:\WINDOWS\system32;C:\WINDOWS;C:\WINDOWS\System32\Wbem;C:\WINDOWS\System32\WindowsPowerShell\v1.0\;C:\WINDOWS\System32\OpenSSH\;C:\Program Files\Polyspace\R2021a\runtime\win64;C:\Program Files\Polyspace\R2021a\bin;C:\Program Files\Polyspace\R2021a\polyspace\bin;C:\Program Files (x86)\Microsoft SQL Server\80\Tools\Binn\;C:\Program Files\dotnet\;C:\Program Files (x86)\IVI Foundation\VISA\WinNT\Bin\;C:\Program Files\IVI Foundation\VISA\Win64\Bin\;C:\Program Files (x86)\National Instruments\Shared\LabVIEW CLI;C:\Program Files (x86)\IVI Foundation\IVI\Bin\;C:\Program Files\IVI Foundation\IVI\Bin\;C:\Program Files (x86)\IVI Foundation\VISA\WinNT\Bin;C:\Program Files\Git\cmd;C:\cygwin64\bin\;C:\cygwin64\lib\;C:\Program Files (x86)\Windows Kits\10\Windows Performance Toolkit\;C:\Users\nunez\AppData\Local\Microsoft\WindowsApps;C:\Users\nunez\.dotnet\tools;C:\Users\nunez\AppData\Local\Programs\Microsoft VS Code\bin;C:\AppServ\php7;C:\AppServ\MySQL\bin;C:\intelFPGA_lite\20.1\modelsim_ase\win32aloem;C:\Program Files (x86)\Java\jdk8u392-b08\bin;C:\masm32\bin;C:\msys64;C:\msys64\mingw64\bin;C:\msys64\usr\bin;
USERNAME=nunez
OS=Windows_NT
PROCESSOR_IDENTIFIER=Intel64 Family 6 Model 154 Stepping 4, GenuineIntel



---------------  S Y S T E M  ---------------

OS: Windows 11 , 64 bit Build 22621 (10.0.22621.2506)

CPU:total 8 (initial active 8) (4 cores per cpu, 2 threads per core) family 6 model 154 stepping 4, cmov, cx8, fxsr, mmx, sse, sse2, sse3, ssse3, sse4.1, sse4.2, popcnt, avx, avx2, aes, clmul, erms, 3dnowpref, lzcnt, ht, tsc, tscinvbit, bmi1, bmi2, adx

Memory: 4k page, physical 12300792k(1710648k free), swap 17727172k(2132872k free)

vm_info: OpenJDK 64-Bit Server VM (25.392-b08) for windows-amd64 JRE (1.8.0_392-b08), built on Oct 18 2023 01:02:03 by "jenkins" with MS VC++ 15.9 (VS2017)

time: Sun Nov 26 19:20:46 2023
timezone: Hora estándar Pacífico (México)
elapsed time: 0.201471 seconds (0d 0h 0m 0s)

